#-----------------------------------------------------------
# Vivado v2019.2 (64-bit)
# SW Build 2708876 on Wed Nov  6 21:39:14 MST 2019
# IP Build 2700528 on Thu Nov  7 00:09:20 MST 2019
# Start of session at: Mon Aug 31 07:44:37 2020
# Process ID: 6804
# Current directory: /home/vagrant/git/airliner/config/squeaky_weasel/target/hw/TE0820
# Command line: vivado
# Log file: /home/vagrant/git/airliner/config/squeaky_weasel/target/hw/TE0820/vivado.log
# Journal file: /home/vagrant/git/airliner/config/squeaky_weasel/target/hw/TE0820/vivado.jou
#-----------------------------------------------------------
start_gui
open_project /home/vagrant/git/airliner/config/squeaky_weasel/target/hw/TE0820/vivado/TE0820-03-2AI21FA.xpr
Scanning sources...
Finished scanning sources
WARNING: [Project 1-509] GeneratedRun file for 'zusys_util_ds_buf_0_0_synth_1' not found
WARNING: [Project 1-509] GeneratedRun file for 'zusys_labtools_fmeter_0_0_synth_1' not found
WARNING: [Project 1-509] GeneratedRun file for 'zusys_zynq_ultra_ps_e_0_0_synth_1' not found
WARNING: [Project 1-509] GeneratedRun file for 'zusys_vio_0_0_synth_1' not found
INFO: [IP_Flow 19-234] Refreshing IP repositories
INFO: [IP_Flow 19-1700] Loaded user IP repository '/home/vagrant/Downloads/TE0820/TE0820-03-2AI21FA/ip_lib'.
INFO: [IP_Flow 19-2313] Loaded Vivado IP repository '/opt/Xilinx/Vivado/2019.2/data/ip'.
open_project: Time (s): cpu = 00:00:21 ; elapsed = 00:00:22 . Memory (MB): peak = 6687.191 ; gain = 263.125 ; free physical = 9474 ; free virtual = 12232
update_compile_order -fileset sources_1
reset_run synth_1
launch_runs impl_1 -to_step write_bitstream -jobs 2
[Mon Aug 31 07:46:57 2020] Launched zusys_util_ds_buf_0_0_synth_1, zusys_labtools_fmeter_0_0_synth_1, zusys_zynq_ultra_ps_e_0_0_synth_1, zusys_vio_0_0_synth_1, synth_1...
Run output will be captured here:
zusys_util_ds_buf_0_0_synth_1: /home/vagrant/git/airliner/config/squeaky_weasel/target/hw/TE0820/vivado/TE0820-03-2AI21FA.runs/zusys_util_ds_buf_0_0_synth_1/runme.log
zusys_labtools_fmeter_0_0_synth_1: /home/vagrant/git/airliner/config/squeaky_weasel/target/hw/TE0820/vivado/TE0820-03-2AI21FA.runs/zusys_labtools_fmeter_0_0_synth_1/runme.log
zusys_zynq_ultra_ps_e_0_0_synth_1: /home/vagrant/git/airliner/config/squeaky_weasel/target/hw/TE0820/vivado/TE0820-03-2AI21FA.runs/zusys_zynq_ultra_ps_e_0_0_synth_1/runme.log
zusys_vio_0_0_synth_1: /home/vagrant/git/airliner/config/squeaky_weasel/target/hw/TE0820/vivado/TE0820-03-2AI21FA.runs/zusys_vio_0_0_synth_1/runme.log
synth_1: /home/vagrant/git/airliner/config/squeaky_weasel/target/hw/TE0820/vivado/TE0820-03-2AI21FA.runs/synth_1/runme.log
[Mon Aug 31 07:46:58 2020] Launched impl_1...
Run output will be captured here: /home/vagrant/git/airliner/config/squeaky_weasel/target/hw/TE0820/vivado/TE0820-03-2AI21FA.runs/impl_1/runme.log
open_run impl_1
INFO: [Device 21-403] Loading part xczu2cg-sfvc784-1-i
Netlist sorting complete. Time (s): cpu = 00:00:00.17 ; elapsed = 00:00:00.18 . Memory (MB): peak = 7624.379 ; gain = 0.000 ; free physical = 8339 ; free virtual = 11533
INFO: [Netlist 29-17] Analyzing 338 Unisim elements for replacement
INFO: [Netlist 29-28] Unisim Transformation completed in 0 CPU seconds
INFO: [Project 1-479] Netlist was created with Vivado 2019.2
INFO: [Project 1-570] Preparing netlist for logic optimization
WARNING: [Constraints 18-550] Could not create 'IBUF_LOW_PWR' constraint because net 'zusys_i/util_ds_buf_0/IBUF_OUT[0]' is not directly connected to top level port. Synthesis is ignored for IBUF_LOW_PWR but preserved for implementation.
INFO: [Timing 38-478] Restoring timing data from binary archive.
INFO: [Timing 38-479] Binary timing data restore complete.
INFO: [Project 1-856] Restoring constraints from binary archive.
INFO: [Constraints 18-5170] The checkpoint was created with non-default parameter values which do not match the current Vivado settings.  Mismatching parameters are:
  general.maxThreads
INFO: [Project 1-853] Binary constraint restore complete.
Reading XDEF placement.
Reading placer database...
Reading XDEF routing.
Read XDEF File: Time (s): cpu = 00:00:03 ; elapsed = 00:00:03 . Memory (MB): peak = 7914.977 ; gain = 11.906 ; free physical = 7918 ; free virtual = 11112
Restored from archive | CPU: 2.740000 secs | Memory: 6.332588 MB |
Finished XDEF File Restore: Time (s): cpu = 00:00:03 ; elapsed = 00:00:03 . Memory (MB): peak = 7914.977 ; gain = 11.906 ; free physical = 7918 ; free virtual = 11112
Netlist sorting complete. Time (s): cpu = 00:00:00 ; elapsed = 00:00:00 . Memory (MB): peak = 7914.977 ; gain = 0.000 ; free physical = 7918 ; free virtual = 11113
INFO: [Project 1-111] Unisim Transformation Summary:
  A total of 188 instances were transformed.
  CFGLUT5 => CFGLUT5 (SRL16E, SRLC32E): 168 instances
  DSP48E1 => DSP48E2 (DSP_ALU, DSP_A_B_DATA, DSP_C_DATA, DSP_MULTIPLIER, DSP_M_DATA, DSP_OUTPUT, DSP_PREADD, DSP_PREADD_DATA): 2 instances
  IBUF => IBUF (IBUFCTRL, INBUF): 3 instances
  IBUFDS => IBUFDS (DIFFINBUF, IBUFCTRL): 1 instance 
  IOBUF => IOBUF (IBUFCTRL, INBUF, OBUFT): 10 instances
  RAM32M16 => RAM32M16 (RAMD32(x14), RAMS32(x2)): 4 instances

open_run: Time (s): cpu = 00:00:51 ; elapsed = 00:01:07 . Memory (MB): peak = 8116.434 ; gain = 1283.098 ; free physical = 7762 ; free virtual = 10961
open_report: Time (s): cpu = 00:00:10 ; elapsed = 00:00:07 . Memory (MB): peak = 8123.031 ; gain = 6.598 ; free physical = 7601 ; free virtual = 10802
WARNING: [Timing 38-436] There are set_bus_skew constraint(s) in this design. Please run report_bus_skew to ensure that bus skew requirements are met.
write_hw_platform -fixed -force  -include_bit -file /home/vagrant/git/airliner/config/squeaky_weasel/target/hw/TE0820/hw_spec/TE0820-03-2AI21FA/TE0820-03-2AI21FA.xsa
INFO: [Vivado 12-4895] Creating Hardware Platform: /home/vagrant/git/airliner/config/squeaky_weasel/target/hw/TE0820/hw_spec/TE0820-03-2AI21FA/TE0820-03-2AI21FA.xsa ...
INFO: [Hsi 55-2053] elapsed time for repository (/opt/Xilinx/Vivado/2019.2/data/embeddedsw) loading 0 seconds
INFO: [Vivado 12-4896] Successfully created Hardware Platform: /home/vagrant/git/airliner/config/squeaky_weasel/target/hw/TE0820/hw_spec/TE0820-03-2AI21FA/TE0820-03-2AI21FA.xsa
write_hw_platform: Time (s): cpu = 00:00:40 ; elapsed = 00:00:33 . Memory (MB): peak = 9445.820 ; gain = 0.000 ; free physical = 6455 ; free virtual = 9658
exit
INFO: [Common 17-206] Exiting Vivado at Mon Aug 31 08:08:49 2020...
