#-----------------------------------------------------------
# Vivado v2019.2 (64-bit)
# SW Build 2708876 on Wed Nov  6 21:39:14 MST 2019
# IP Build 2700528 on Thu Nov  7 00:09:20 MST 2019
# Start of session at: Tue Aug 18 23:49:18 2020
# Process ID: 26447
# Current directory: /home/vagrant/git/airliner/config/squeaky_weasel/target/hw
# Command line: vivado
# Log file: /home/vagrant/git/airliner/config/squeaky_weasel/target/hw/vivado.log
# Journal file: /home/vagrant/git/airliner/config/squeaky_weasel/target/hw/vivado.jou
#-----------------------------------------------------------
start_gui
open_project /home/vagrant/git/airliner/config/squeaky_weasel/target/hw/TE0820-03-2AI21FA/vivado/TE0820-03-2AI21FA.xpr
INFO: [Project 1-313] Project file moved from '/home/vagrant/Downloads/TE0820/TE0820-03-2AI21FA/vivado' since last save.
Scanning sources...
Finished scanning sources
INFO: [filemgmt 56-1] Board Part Repository Path: Directory not found as '/home/vagrant/git/airliner/config/squeaky_weasel/target/hw/TE0820-03-2AI21FA/board_files'; using path '/home/vagrant/Downloads/TE0820/TE0820-03-2AI21FA/board_files' instead.
INFO: [filemgmt 56-1] IP Repository Path: Directory not found as '/home/vagrant/git/airliner/config/squeaky_weasel/target/hw/TE0820-03-2AI21FA/ip_lib'; using path '/home/vagrant/Downloads/TE0820/TE0820-03-2AI21FA/ip_lib' instead.
INFO: [IP_Flow 19-234] Refreshing IP repositories
INFO: [IP_Flow 19-1700] Loaded user IP repository '/home/vagrant/Downloads/TE0820/TE0820-03-2AI21FA/ip_lib'.
INFO: [IP_Flow 19-2313] Loaded Vivado IP repository '/opt/Xilinx/Vivado/2019.2/data/ip'.
open_project: Time (s): cpu = 00:00:15 ; elapsed = 00:00:15 . Memory (MB): peak = 6606.516 ; gain = 188.719 ; free physical = 4104 ; free virtual = 12623
update_compile_order -fileset sources_1
exit
INFO: [Common 17-206] Exiting Vivado at Tue Aug 18 23:54:45 2020...
