#-----------------------------------------------------------
# Vivado v2019.2 (64-bit)
# SW Build 2708876 on Wed Nov  6 21:39:14 MST 2019
# IP Build 2700528 on Thu Nov  7 00:09:20 MST 2019
# Start of session at: Tue Aug 18 23:43:56 2020
# Process ID: 26073
# Current directory: /home/vagrant/Downloads/TE0820/TE0820-03-2AI21FA/v_log
# Command line: vivado -source ../scripts/script_main.tcl -mode batch -notrace -tclargs --run_board_selection
# Log file: /home/vagrant/Downloads/TE0820/TE0820-03-2AI21FA/v_log/vivado.log
# Journal file: /home/vagrant/Downloads/TE0820/TE0820-03-2AI21FA/v_log/vivado.jou
#-----------------------------------------------------------
source ../scripts/script_main.tcl -notrace
-----------------------------------------------------------------------
INFO:(TE) Load Settings Script finished
INFO:(TE) Load environment script finished
INFO:(TE) Load Vivado script finished
INFO:(TE) Load Utilities script finished
INFO:(TE) Load Vivado script finished
INFO:(TE) Load Designs script finished
INFO:(TE) Load User Command scripts finished
INFO:(TE) Load SDSoC script finished
-----------------------------------------------------------------------
-----------------------------------------------------------------------
INFO: [TE_INIT-3] Initial project names and paths:
  TE::VPROJ_NAME:           TE0820-03-2AI21FA 
  TE::VPROJ_PATH:           /home/vagrant/Downloads/TE0820/TE0820-03-2AI21FA/vivado 
  TE::VLABPROJ_PATH:        /home/vagrant/Downloads/TE0820/TE0820-03-2AI21FA/vivado_lab 
  TE::BOARDDEF_PATH:        /home/vagrant/Downloads/TE0820/TE0820-03-2AI21FA/board_files 
  TE::FIRMWARE_PATH:        /home/vagrant/Downloads/TE0820/TE0820-03-2AI21FA/firmware 
  TE::IP_PATH:              /home/vagrant/Downloads/TE0820/TE0820-03-2AI21FA/ip_lib 
  TE::BD_PATH:              /home/vagrant/Downloads/TE0820/TE0820-03-2AI21FA/block_design 
  TE::XDC_PATH:             /home/vagrant/Downloads/TE0820/TE0820-03-2AI21FA/constraints 
  TE::HDL_PATH:             /home/vagrant/Downloads/TE0820/TE0820-03-2AI21FA/hdl 
  TE::SET_PATH:             /home/vagrant/Downloads/TE0820/TE0820-03-2AI21FA/settings 
  TE::WORKSPACE_HSI_PATH:   /home/vagrant/Downloads/TE0820/TE0820-03-2AI21FA/workspace/hsi 
  TE::WORKSPACE_SDK_PATH:   /home/vagrant/Downloads/TE0820/TE0820-03-2AI21FA/workspace/sdk 
  TE::LIB_PATH:             /home/vagrant/Downloads/TE0820/TE0820-03-2AI21FA/sw_lib 
  TE::SCRIPT_PATH:          /home/vagrant/Downloads/TE0820/TE0820-03-2AI21FA/scripts 
  TE::DOC_PATH:             /home/vagrant/Downloads/TE0820/TE0820-03-2AI21FA/doc 
  TE::PREBUILT_BI_PATH:     /home/vagrant/Downloads/TE0820/TE0820-03-2AI21FA/prebuilt/boot_images 
  TE::PREBUILT_HW_PATH:     /home/vagrant/Downloads/TE0820/TE0820-03-2AI21FA/prebuilt/hardware 
  TE::PREBUILT_SW_PATH:     /home/vagrant/Downloads/TE0820/TE0820-03-2AI21FA/prebuilt/software 
  TE::PREBUILT_OS_PATH:     /home/vagrant/Downloads/TE0820/TE0820-03-2AI21FA/prebuilt/os 
  TE::PREBUILT_EXPORT_PATH: /home/vagrant/Downloads/TE0820/TE0820-03-2AI21FA/../export 
  TE::LOG_PATH:             /home/vagrant/Downloads/TE0820/TE0820-03-2AI21FA/v_log 
  TE::BACKUP_PATH:          /home/vagrant/Downloads/TE0820/TE0820-03-2AI21FA/backup 
  TE::ZIP_PATH:             /usr/bin/zip 
  TE::SDSOC_PATH:           /home/vagrant/Downloads/TE0820/TE0820-03-2AI21FA/../SDSoC_PFM 
  TE::ADD_SD_PATH:          /home/vagrant/Downloads/TE0820/TE0820-03-2AI21FA/misc/sd 
  TE::TMP_PATH:             /home/vagrant/Downloads/TE0820/TE0820-03-2AI21FA/tmp 
  TE::XILINXGIT_DEVICETREE: /home/xilinx_git/device-tree-xlnx 
  TE::XILINXGIT_UBOOT:       
  TE::XILINXGIT_LINUX:       
  ------
-----------------------------------------------------------------------
INFO:(TE) Parameter Index: 0
INFO:(TE) Parameter Option: --run_board_selection
-----------------------------------------------------------------------
INFO: [TE_INIT-89] Run TE::INIT::run_board_selection
INFO: [TE_INIT-182] Source /home/vagrant/Downloads/TE0820/TE0820-03-2AI21FA/settings/design_settings.tcl.
INFO: [TE_INIT-0] Script Info:
  Vivado Version:                             Vivado v2019.2 (64-bit)
  TE Script Version:                          2019.2.3
  Board Part (Definition Files) CSV Version:  1.4
  Software IP CSV Version:                    2.3
  Board Design Modify CSV Version:            1.1
  ZIP ignore CSV Version:                     1.0
  ---
  Start project with:                         NA
  ------
INFO: [TE_INIT-1] Script Environment:
  Vivado Setting:     1 
  LabTools Setting:   0 
  SDK Setting:        1 
  SDSOC Setting:      0 
  ------
INFO: [TE_INIT-3] Initial project names and paths:
  TE::VPROJ_NAME:           TE0820-03-2AI21FA 
  TE::VPROJ_PATH:           /home/vagrant/Downloads/TE0820/TE0820-03-2AI21FA/vivado 
  TE::VLABPROJ_PATH:        /home/vagrant/Downloads/TE0820/TE0820-03-2AI21FA/vivado_lab 
  TE::BOARDDEF_PATH:        /home/vagrant/Downloads/TE0820/TE0820-03-2AI21FA/board_files 
  TE::FIRMWARE_PATH:        /home/vagrant/Downloads/TE0820/TE0820-03-2AI21FA/firmware 
  TE::IP_PATH:              /home/vagrant/Downloads/TE0820/TE0820-03-2AI21FA/ip_lib 
  TE::BD_PATH:              /home/vagrant/Downloads/TE0820/TE0820-03-2AI21FA/block_design 
  TE::XDC_PATH:             /home/vagrant/Downloads/TE0820/TE0820-03-2AI21FA/constraints 
  TE::HDL_PATH:             /home/vagrant/Downloads/TE0820/TE0820-03-2AI21FA/hdl 
  TE::SET_PATH:             /home/vagrant/Downloads/TE0820/TE0820-03-2AI21FA/settings 
  TE::WORKSPACE_HSI_PATH:   /home/vagrant/Downloads/TE0820/TE0820-03-2AI21FA/workspace/hsi 
  TE::WORKSPACE_SDK_PATH:   /home/vagrant/Downloads/TE0820/TE0820-03-2AI21FA/workspace/sdk 
  TE::LIB_PATH:             /home/vagrant/Downloads/TE0820/TE0820-03-2AI21FA/sw_lib 
  TE::SCRIPT_PATH:          /home/vagrant/Downloads/TE0820/TE0820-03-2AI21FA/scripts 
  TE::DOC_PATH:             /home/vagrant/Downloads/TE0820/TE0820-03-2AI21FA/doc 
  TE::PREBUILT_BI_PATH:     /home/vagrant/Downloads/TE0820/TE0820-03-2AI21FA/prebuilt/boot_images 
  TE::PREBUILT_HW_PATH:     /home/vagrant/Downloads/TE0820/TE0820-03-2AI21FA/prebuilt/hardware 
  TE::PREBUILT_SW_PATH:     /home/vagrant/Downloads/TE0820/TE0820-03-2AI21FA/prebuilt/software 
  TE::PREBUILT_OS_PATH:     /home/vagrant/Downloads/TE0820/TE0820-03-2AI21FA/prebuilt/os 
  TE::PREBUILT_EXPORT_PATH: /home/vagrant/Downloads/TE0820/TE0820-03-2AI21FA/../export 
  TE::LOG_PATH:             /home/vagrant/Downloads/TE0820/TE0820-03-2AI21FA/v_log 
  TE::BACKUP_PATH:          /home/vagrant/Downloads/TE0820/TE0820-03-2AI21FA/backup 
  TE::ZIP_PATH:             /usr/bin/zip 
  TE::SDSOC_PATH:           /home/vagrant/Downloads/TE0820/TE0820-03-2AI21FA/../SDSoC_PFM 
  TE::ADD_SD_PATH:          /home/vagrant/Downloads/TE0820/TE0820-03-2AI21FA/misc/sd 
  TE::TMP_PATH:             /home/vagrant/Downloads/TE0820/TE0820-03-2AI21FA/tmp 
  TE::XILINXGIT_DEVICETREE: /home/xilinx_git/device-tree-xlnx 
  TE::XILINXGIT_UBOOT:       
  TE::XILINXGIT_LINUX:       
  ------
INFO: [TE_INIT-16] Read board part definition list (File /home/vagrant/Downloads/TE0820/TE0820-03-2AI21FA/board_files/TE0820_board_files.csv).
INFO: [TE_INIT-18] Read Software list (File: /home/vagrant/Downloads/TE0820/TE0820-03-2AI21FA/sw_lib/apps_list.csv).
INFO: (TE_INIT-??) Software Definition CSV version passed
INFO: (TE_INIT-??) Software Definition CSV Version analyze platform table header
INFO: (TE_INIT-??) Software Definition CSV Version analyze bsp table header
INFO: (TE_INIT-??) Software Definition CSV Version analyze app table header
INFO: [TE_INIT-22] Read ZIP ignore list (File: /home/vagrant/Downloads/TE0820/TE0820-03-2AI21FA/sw_lib/apps_list.csv).
INFO: [TE_UTIL-2] Following block designs were found: 
   /home/vagrant/Downloads/TE0820/TE0820-03-2AI21FA/block_design/zusys_bd.tcl 
  ------
----------------------------------------------------------------------------------------------------------------------------------------------------------------------------------------------------------------------
|ID |Product ID          |SoC/FPGA Typ                  |SHORT DIR           |PCB REV                                 |DDR Size  |Flash Size|EMMC Size |Others                        |Notes                         |
----------------------------------------------------------------------------------------------------------------------------------------------------------------------------------------------------------------------
|2  |TE0820-02-02EG-1E   |xczu2eg-sfvc784-1-e           |2eg_1e_1gb          |REV02                                   |1GB       |64MB      |4GB       |NA                            |NA                            |
----------------------------------------------------------------------------------------------------------------------------------------------------------------------------------------------------------------------
|3  |TE0820-02-02EG-1E3  |xczu2eg-sfvc784-1-e           |2eg_1e_1gb          |REV02                                   |1GB       |64MB      |4GB       |2.5 mm connectors             |NA                            |
----------------------------------------------------------------------------------------------------------------------------------------------------------------------------------------------------------------------
|4  |TE0820-02-02CG-1E   |xczu2cg-sfvc784-1-e           |2cg_1e_1gb          |REV02                                   |1GB       |64MB      |4GB       |NA                            |NA                            |
----------------------------------------------------------------------------------------------------------------------------------------------------------------------------------------------------------------------
|5  |TE0820-02-03EG-1E   |xczu3eg-sfvc784-1-e           |3eg_1e_1gb          |REV02                                   |1GB       |64MB      |4GB       |NA                            |NA                            |
----------------------------------------------------------------------------------------------------------------------------------------------------------------------------------------------------------------------
|6  |TE0820-02-03EG-1E3  |xczu3eg-sfvc784-1-e           |3eg_1e_1gb          |REV02                                   |1GB       |64MB      |4GB       |2.5 mm connectors             |NA                            |
----------------------------------------------------------------------------------------------------------------------------------------------------------------------------------------------------------------------
|7  |TE0820-02-03CG-1E   |xczu3cg-sfvc784-1-e           |3cg_1e_1gb          |REV02                                   |1GB       |64MB      |4GB       |NA                            |NA                            |
----------------------------------------------------------------------------------------------------------------------------------------------------------------------------------------------------------------------
|8  |TE0820-02-02EG-1EA  |xczu2eg-sfvc784-1-e           |2eg_1e_1gb          |REV02                                   |1GB       |128MB     |4GB       |NA                            |NA                            |
----------------------------------------------------------------------------------------------------------------------------------------------------------------------------------------------------------------------
|9  |TE0820-02-02EG-1EL  |xczu2eg-sfvc784-1-e           |2eg_1e_1gb          |REV02                                   |1GB       |128MB     |4GB       |2.5 mm connectors             |NA                            |
----------------------------------------------------------------------------------------------------------------------------------------------------------------------------------------------------------------------
|10 |TE0820-02-02CG-1EA  |xczu2cg-sfvc784-1-e           |2cg_1e_1gb          |REV02                                   |1GB       |128MB     |4GB       |NA                            |NA                            |
----------------------------------------------------------------------------------------------------------------------------------------------------------------------------------------------------------------------
|11 |TE0820-02-03EG-1EA  |xczu3eg-sfvc784-1-e           |3eg_1e_1gb          |REV02                                   |1GB       |128MB     |4GB       |NA                            |NA                            |
----------------------------------------------------------------------------------------------------------------------------------------------------------------------------------------------------------------------
|12 |TE0820-02-03EG-1EL  |xczu3eg-sfvc784-1-e           |3eg_1e_1gb          |REV02                                   |1GB       |128MB     |4GB       |2.5 mm connectors             |NA                            |
----------------------------------------------------------------------------------------------------------------------------------------------------------------------------------------------------------------------
|13 |TE0820-02-03CG-1EA  |xczu3cg-sfvc784-1-e           |3cg_1e_1gb          |REV02                                   |1GB       |128MB     |4GB       |NA                            |NA                            |
----------------------------------------------------------------------------------------------------------------------------------------------------------------------------------------------------------------------
|14 |TE0820-02-04CG-1EA  |xczu4cg-sfvc784-1-e           |4cg_1e_1gb          |REV02                                   |1GB       |128MB     |4GB       |NA                            |NA                            |
----------------------------------------------------------------------------------------------------------------------------------------------------------------------------------------------------------------------
|15 |TE0820-03-04EV-1EA  |xczu4ev-sfvc784-1-e           |4ev_1e_2gb          |REV03                                   |2GB       |128MB     |4GB       |NA                            |NA                            |
----------------------------------------------------------------------------------------------------------------------------------------------------------------------------------------------------------------------
|16 |TE0820-03-02CG-1EA  |xczu2cg-sfvc784-1-e           |2cg_1e_2gb          |REV03                                   |2GB       |128MB     |4GB       |NA                            |NA                            |
----------------------------------------------------------------------------------------------------------------------------------------------------------------------------------------------------------------------
|17 |TE0820-03-02EG-1EA  |xczu2eg-sfvc784-1-e           |2eg_1e_2gb          |REV03                                   |2GB       |128MB     |4GB       |NA                            |NA                            |
----------------------------------------------------------------------------------------------------------------------------------------------------------------------------------------------------------------------
|18 |TE0820-03-02EG-1EL  |xczu2eg-sfvc784-1-e           |2eg_1e_2gb          |REV03                                   |2GB       |128MB     |4GB       |2.5 mm connectors             |NA                            |
----------------------------------------------------------------------------------------------------------------------------------------------------------------------------------------------------------------------
|19 |TE0820-03-03CG-1EA  |xczu3cg-sfvc784-1-e           |3cg_1e_2gb          |REV03                                   |2GB       |128MB     |4GB       |NA                            |NA                            |
----------------------------------------------------------------------------------------------------------------------------------------------------------------------------------------------------------------------
|20 |TE0820-03-04CG-1EA  |xczu4cg-sfvc784-1-e           |4cg_1e_2gb          |REV03                                   |2GB       |128MB     |4GB       |NA                            |NA                            |
----------------------------------------------------------------------------------------------------------------------------------------------------------------------------------------------------------------------
|21 |TE0820-03-03EG-1EA  |xczu3eg-sfvc784-1-e           |3eg_1e_2gb          |REV03                                   |2GB       |128MB     |4GB       |NA                            |NA                            |
----------------------------------------------------------------------------------------------------------------------------------------------------------------------------------------------------------------------
|22 |TE0820-03-03EG-1EL  |xczu3eg-sfvc784-1-e           |3eg_1e_2gb          |REV03                                   |2GB       |128MB     |4GB       |2.5 mm connectors             |NA                            |
----------------------------------------------------------------------------------------------------------------------------------------------------------------------------------------------------------------------
|23 |TE0820-03-2AI21FA   |xczu2cg-sfvc784-1-i           |2cg_1i_2gb          |REV03                                   |2GB       |128MB     |8GB       |NA                            |NA                            |
----------------------------------------------------------------------------------------------------------------------------------------------------------------------------------------------------------------------
|24 |TE0820-03-2BE21FL   |xczu2eg-sfvc784-1-e           |2eg_1e_2gb          |REV03                                   |2GB       |128MB     |8GB       |2.5 mm connectors             |NA                            |
----------------------------------------------------------------------------------------------------------------------------------------------------------------------------------------------------------------------
|25 |TE0820-03-3AI210A   |xczu3cg-sfvc784-1-i           |3cg_1i_2gb          |REV03                                   |2GB       |128MB     |0GB       |NA                            |NA                            |
----------------------------------------------------------------------------------------------------------------------------------------------------------------------------------------------------------------------
|26 |TE0820-03-3BE21FA   |xczu3eg-sfvc784-1-e           |3eg_1e_2gb          |REV03                                   |2GB       |128MB     |4GB       |NA                            |NA                            |
----------------------------------------------------------------------------------------------------------------------------------------------------------------------------------------------------------------------
|27 |TE0820-03-3BE21FL   |xczu3eg-sfvc784-1-e           |3eg_1e_2gb          |REV03                                   |2GB       |128MB     |4GB       |2.5 mm connectors             |NA                            |
----------------------------------------------------------------------------------------------------------------------------------------------------------------------------------------------------------------------
|28 |TE0820-03-02CG-1ED  |xczu2cg-sfvc784-1-e           |2cg_1e_2gb          |REV03                                   |2GB       |128MB     |8GB       |NA                            |NA                            |
----------------------------------------------------------------------------------------------------------------------------------------------------------------------------------------------------------------------
|29 |TE0820-03-2AE21FA   |xczu2cg-sfvc784-1-e           |2cg_1e_2gb          |REV03                                   |2GB       |128MB     |8GB       |NA                            |NA                            |
----------------------------------------------------------------------------------------------------------------------------------------------------------------------------------------------------------------------
|30 |TE0820-03-2BE21FA   |xczu2eg-sfvc784-1-e           |2eg_1e_2gb          |REV03                                   |2GB       |128MB     |8GB       |NA                            |NA                            |
----------------------------------------------------------------------------------------------------------------------------------------------------------------------------------------------------------------------
|31 |TE0820-03-3AE21FA   |xczu3cg-sfvc784-1-e           |3cg_1e_2gb          |REV03                                   |2GB       |128MB     |8GB       |NA                            |NA                            |
----------------------------------------------------------------------------------------------------------------------------------------------------------------------------------------------------------------------
|32 |TE0820-03-3AI21FA   |xczu3cg-sfvc784-1-i           |3cg_1i_2gb          |REV03                                   |2GB       |128MB     |8GB       |NA                            |NA                            |
----------------------------------------------------------------------------------------------------------------------------------------------------------------------------------------------------------------------
|33 |TE0820-03-4AE21FA   |xczu4cg-sfvc784-1-e           |4cg_1e_2gb          |REV03                                   |2GB       |128MB     |8GB       |NA                            |NA                            |
----------------------------------------------------------------------------------------------------------------------------------------------------------------------------------------------------------------------
|34 |TE0820-03-4DE21FA   |xczu4ev-sfvc784-1-e           |4ev_1e_2gb          |REV03                                   |2GB       |128MB     |8GB       |NA                            |NA                            |
----------------------------------------------------------------------------------------------------------------------------------------------------------------------------------------------------------------------
|35 |TE0820-03-4DI21FA   |xczu4ev-sfvc784-1-i           |4ev_1i_2gb          |REV03                                   |2GB       |128MB     |8GB       |NA                            |NA                            |
----------------------------------------------------------------------------------------------------------------------------------------------------------------------------------------------------------------------
------------------------------------------------------------------------
For better table view please resize windows to full screen!
------------------------------------------------------------------------
------------------
Select Module will be done in 2 steps: 
-----
Step 1: (select column filter): 
-Change module list size (for small monitors only), press: 'full' or 'small' 
-Display current module list, press: 'L' or 'l' 
-Restore whole module list, press: 'R' or 'r' 
-Reduce List by ID, press: 'ID' or 'id' or insert ID columns value directly(filter step is bypassed and id number is used) 
-Reduce List by Article Number, press: 'AN' or 'an' 
-Reduce List by SoC/FPGA, press: 'FPGA' or 'fpga' 
-Reduce List by PCB REV, press: 'PCB' or 'pcb' 
-Reduce List by DDR, press: 'DDR' or 'ddr' 
-Reduce List by Flash, press: 'FLASH' or 'flash' 
-Reduce List by EMMC, press: 'EMMC' or 'emmc' 
-Reduce List by Others, press: 'OTHERS' or 'others' 
-Reduce List by Notes, press: 'NOTES' or 'notes' 
-Exit without selection, press: 'Q' or 'q' 
-----------------------
Please Enter Option: 
Note: Input will be compared with list elements, wildcard * possible. Ex.*1*
Go back to top menu with 'q' or 'Q'
Step 2: Insert ID:
----------------------------------------------------------------------------------------------------------------------------------------------------------------------------------------------------------------------
|ID |Product ID          |SoC/FPGA Typ                  |SHORT DIR           |PCB REV                                 |DDR Size  |Flash Size|EMMC Size |Others                        |Notes                         |
----------------------------------------------------------------------------------------------------------------------------------------------------------------------------------------------------------------------
|23 |TE0820-03-2AI21FA   |xczu2cg-sfvc784-1-i           |2cg_1i_2gb          |REV03                                   |2GB       |128MB     |8GB       |NA                            |NA                            |
----------------------------------------------------------------------------------------------------------------------------------------------------------------------------------------------------------------------
------------------------------------------------------------------------
You like to start with this device? y/N
What would you like to do?
- Create and open delivery binary folder, press 0
- Create vivado project, press 1
- Both, press 2
INFO: [TE_INIT-129] Run TE::INIT::run_project 23 1 1 2
INFO: [TE_INIT-182] Source /home/vagrant/Downloads/TE0820/TE0820-03-2AI21FA/settings/design_settings.tcl.
INFO: [TE_INIT-0] Script Info:
  Vivado Version:                             Vivado v2019.2 (64-bit)
  TE Script Version:                          2019.2.3
  Board Part (Definition Files) CSV Version:  1.4
  Software IP CSV Version:                    2.3
  Board Design Modify CSV Version:            1.1
  ZIP ignore CSV Version:                     1.0
  ---
  Start project with:                         NA
  ------
INFO: [TE_INIT-1] Script Environment:
  Vivado Setting:     1 
  LabTools Setting:   0 
  SDK Setting:        1 
  SDSOC Setting:      0 
  ------
INFO: [TE_INIT-3] Initial project names and paths:
  TE::VPROJ_NAME:           TE0820-03-2AI21FA 
  TE::VPROJ_PATH:           /home/vagrant/Downloads/TE0820/TE0820-03-2AI21FA/vivado 
  TE::VLABPROJ_PATH:        /home/vagrant/Downloads/TE0820/TE0820-03-2AI21FA/vivado_lab 
  TE::BOARDDEF_PATH:        /home/vagrant/Downloads/TE0820/TE0820-03-2AI21FA/board_files 
  TE::FIRMWARE_PATH:        /home/vagrant/Downloads/TE0820/TE0820-03-2AI21FA/firmware 
  TE::IP_PATH:              /home/vagrant/Downloads/TE0820/TE0820-03-2AI21FA/ip_lib 
  TE::BD_PATH:              /home/vagrant/Downloads/TE0820/TE0820-03-2AI21FA/block_design 
  TE::XDC_PATH:             /home/vagrant/Downloads/TE0820/TE0820-03-2AI21FA/constraints 
  TE::HDL_PATH:             /home/vagrant/Downloads/TE0820/TE0820-03-2AI21FA/hdl 
  TE::SET_PATH:             /home/vagrant/Downloads/TE0820/TE0820-03-2AI21FA/settings 
  TE::WORKSPACE_HSI_PATH:   /home/vagrant/Downloads/TE0820/TE0820-03-2AI21FA/workspace/hsi 
  TE::WORKSPACE_SDK_PATH:   /home/vagrant/Downloads/TE0820/TE0820-03-2AI21FA/workspace/sdk 
  TE::LIB_PATH:             /home/vagrant/Downloads/TE0820/TE0820-03-2AI21FA/sw_lib 
  TE::SCRIPT_PATH:          /home/vagrant/Downloads/TE0820/TE0820-03-2AI21FA/scripts 
  TE::DOC_PATH:             /home/vagrant/Downloads/TE0820/TE0820-03-2AI21FA/doc 
  TE::PREBUILT_BI_PATH:     /home/vagrant/Downloads/TE0820/TE0820-03-2AI21FA/prebuilt/boot_images 
  TE::PREBUILT_HW_PATH:     /home/vagrant/Downloads/TE0820/TE0820-03-2AI21FA/prebuilt/hardware 
  TE::PREBUILT_SW_PATH:     /home/vagrant/Downloads/TE0820/TE0820-03-2AI21FA/prebuilt/software 
  TE::PREBUILT_OS_PATH:     /home/vagrant/Downloads/TE0820/TE0820-03-2AI21FA/prebuilt/os 
  TE::PREBUILT_EXPORT_PATH: /home/vagrant/Downloads/TE0820/TE0820-03-2AI21FA/../export 
  TE::LOG_PATH:             /home/vagrant/Downloads/TE0820/TE0820-03-2AI21FA/v_log 
  TE::BACKUP_PATH:          /home/vagrant/Downloads/TE0820/TE0820-03-2AI21FA/backup 
  TE::ZIP_PATH:             /usr/bin/zip 
  TE::SDSOC_PATH:           /home/vagrant/Downloads/TE0820/TE0820-03-2AI21FA/../SDSoC_PFM 
  TE::ADD_SD_PATH:          /home/vagrant/Downloads/TE0820/TE0820-03-2AI21FA/misc/sd 
  TE::TMP_PATH:             /home/vagrant/Downloads/TE0820/TE0820-03-2AI21FA/tmp 
  TE::XILINXGIT_DEVICETREE: /home/xilinx_git/device-tree-xlnx 
  TE::XILINXGIT_UBOOT:       
  TE::XILINXGIT_LINUX:       
  ------
INFO: [TE_INIT-16] Read board part definition list (File /home/vagrant/Downloads/TE0820/TE0820-03-2AI21FA/board_files/TE0820_board_files.csv).
INFO: [TE_INIT-18] Read Software list (File: /home/vagrant/Downloads/TE0820/TE0820-03-2AI21FA/sw_lib/apps_list.csv).
INFO: (TE_INIT-??) Software Definition CSV version passed
INFO: (TE_INIT-??) Software Definition CSV Version analyze platform table header
INFO: (TE_INIT-??) Software Definition CSV Version analyze bsp table header
INFO: (TE_INIT-??) Software Definition CSV Version analyze app table header
INFO: [TE_INIT-22] Read ZIP ignore list (File: /home/vagrant/Downloads/TE0820/TE0820-03-2AI21FA/sw_lib/apps_list.csv).
Found ID: 23
Board part csv name check:  23 is unique on position 0.
INFO: [TE_INIT-4] Board Part definition:
  TE::ID:             23 
  TE::PRODID:         TE0820-03-2AI21FA 
  TE::PARTNAME:       xczu2cg-sfvc784-1-i 
  TE::BOARDPART:      trenz.biz:te0820_2cg_1i:part0:2.0 
  TE::SHORTDIR:       2cg_1i_2gb 
  TE::ZYNQFLASHTYP:   qspi-x8-dual_parallel 
  TE::FPGAFLASHTYP:   mt25qu512-qspi-x8-dual_parallel 
  TE::PCB_REV:        REV03 
  TE::DDR_SIZE:       2GB 
  TE::FLASH_SIZE:     128MB 
  TE::EMMC_SIZE:      8GB 
  TE::OTHERS:         NA 
  TE::NOTES:          NA 
  ------
Generate new project (Path: /home/vagrant/Downloads/TE0820/TE0820-03-2AI21FA/vivado).
INFO: [TE_INIT-69] Set Board Definition path: /home/vagrant/Downloads/TE0820/TE0820-03-2AI21FA/board_files
INFO: [TE_INIT-70] Set IP path : /home/vagrant/Downloads/TE0820/TE0820-03-2AI21FA/ip_lib
INFO: [IP_Flow 19-234] Refreshing IP repositories
INFO: [IP_Flow 19-1700] Loaded user IP repository '/home/vagrant/Downloads/TE0820/TE0820-03-2AI21FA/ip_lib'.
INFO: [IP_Flow 19-2313] Loaded Vivado IP repository '/opt/Xilinx/Vivado/2019.2/data/ip'.
Start GUI...all other messages will be print inside the GUI TCL console of Vivado
Start import design
INFO: [TE_UTIL-8] Following xdc files were found: 
   /home/vagrant/Downloads/TE0820/TE0820-03-2AI21FA/constraints/_i_io.xdc 
 /home/vagrant/Downloads/TE0820/TE0820-03-2AI21FA/constraints/_i_bitgen.xdc 
 /home/vagrant/Downloads/TE0820/TE0820-03-2AI21FA/constraints/vivado_target.xdc 
  ------
Set processing order normal for /home/vagrant/Downloads/TE0820/TE0820-03-2AI21FA/constraints/_i_io.xdc
Set use for implementation only for /home/vagrant/Downloads/TE0820/TE0820-03-2AI21FA/constraints/_i_io.xdc
Set processing order normal for /home/vagrant/Downloads/TE0820/TE0820-03-2AI21FA/constraints/_i_bitgen.xdc
Set use for implementation only for /home/vagrant/Downloads/TE0820/TE0820-03-2AI21FA/constraints/_i_bitgen.xdc
Set processing order normal for /home/vagrant/Downloads/TE0820/TE0820-03-2AI21FA/constraints/vivado_target.xdc
Set use for synthesis and implementation for /home/vagrant/Downloads/TE0820/TE0820-03-2AI21FA/constraints/vivado_target.xdc
INFO: [TE_UTIL-2] Following block designs were found: 
   /home/vagrant/Downloads/TE0820/TE0820-03-2AI21FA/block_design/zusys_bd.tcl 
  ------
INFO: [TE_INIT-8] Found BD-Design:
  TE::BD_TCLNAME:       zusys_bd 
  TE::PR_TOPLEVELNAME: zusys_wrapper 
  ------
  TE::IS_ZUSYS:        true
INFO: [TE_UTIL-2] Following block designs were found: 
   /home/vagrant/Downloads/TE0820/TE0820-03-2AI21FA/block_design/zusys_bd.tcl 
  ------
INFO: [TE_BD-0] This block design tcl-file was generate with Trenz Electronic GmbH Board Part:trenz.biz:te0820_4ev_1i:part0:2.0, FPGA: xczu4ev-sfvc784-1-i at 2019-12-10T17:05:53.
INFO: [TE_BD-1] This block design tcl-file was modified by TE-Scripts. Modifications are labelled with comment tag  # #TE_MOD# on the Block-Design tcl-file.
INFO: [BD_TCL-3] Currently there is no design <zusys> in project, so creating one...
Wrote  : </home/vagrant/Downloads/TE0820/TE0820-03-2AI21FA/vivado/TE0820-03-2AI21FA.srcs/sources_1/bd/zusys/zusys.bd> 
create_bd_design: Time (s): cpu = 00:00:12 ; elapsed = 00:00:09 . Memory (MB): peak = 6694.852 ; gain = 106.840 ; free physical = 4611 ; free virtual = 12620
INFO: [BD_TCL-4] Making design <zusys> as current_bd_design.
INFO: [BD_TCL-5] Currently the variable <design_name> is equal to "zusys".
INFO: [BD_TCL-6] Checking if the following IPs exist in the project's IP catalog:  
trenz.biz:user:labtools_fmeter:* xilinx.com:ip:util_ds_buf:* xilinx.com:ip:vio:* xilinx.com:ip:xlconcat:* xilinx.com:ip:zynq_ultra_ps_e:*  .
WARNING: [BD 41-927] Following properties on pin /labtools_fmeter_0/refclk have been updated from connected ip. They may not be synchronized with cell properties. You can set property on pin directly to confirm the value and resolve the warning.
	FREQ_HZ=99999985 
Wrote  : </home/vagrant/Downloads/TE0820/TE0820-03-2AI21FA/vivado/TE0820-03-2AI21FA.srcs/sources_1/bd/zusys/zusys.bd> 
Wrote  : </home/vagrant/Downloads/TE0820/TE0820-03-2AI21FA/vivado/TE0820-03-2AI21FA.srcs/sources_1/bd/zusys/ui/bd_ec7575b2.ui> 
Adding component instance block -- trenz.biz:user:labtools_fmeter:1.0 - labtools_fmeter_0
Adding component instance block -- xilinx.com:ip:util_ds_buf:2.1 - util_ds_buf_0
Adding component instance block -- xilinx.com:ip:vio:3.0 - vio_0
Adding component instance block -- xilinx.com:ip:xlconcat:2.1 - xlconcat_0
Adding component instance block -- xilinx.com:ip:zynq_ultra_ps_e:3.3 - zynq_ultra_ps_e_0
Successfully read diagram <zusys> from BD file </home/vagrant/Downloads/TE0820/TE0820-03-2AI21FA/vivado/TE0820-03-2AI21FA.srcs/sources_1/bd/zusys/zusys.bd>
WARNING: [BD 41-927] Following properties on pin /labtools_fmeter_0/refclk have been updated from connected ip. They may not be synchronized with cell properties. You can set property on pin directly to confirm the value and resolve the warning.
	FREQ_HZ=99999985 
INFO: [BD 41-1662] The design 'zusys.bd' is already validated. Therefore parameter propagation will not be re-run.
Wrote  : </home/vagrant/Downloads/TE0820/TE0820-03-2AI21FA/vivado/TE0820-03-2AI21FA.srcs/sources_1/bd/zusys/zusys.bd> 
Wrote  : </home/vagrant/Downloads/TE0820/TE0820-03-2AI21FA/vivado/TE0820-03-2AI21FA.srcs/sources_1/bd/zusys/ui/bd_ec7575b2.ui> 
VHDL Output written to : /home/vagrant/Downloads/TE0820/TE0820-03-2AI21FA/vivado/TE0820-03-2AI21FA.srcs/sources_1/bd/zusys/synth/zusys.vhd
VHDL Output written to : /home/vagrant/Downloads/TE0820/TE0820-03-2AI21FA/vivado/TE0820-03-2AI21FA.srcs/sources_1/bd/zusys/sim/zusys.vhd
VHDL Output written to : /home/vagrant/Downloads/TE0820/TE0820-03-2AI21FA/vivado/TE0820-03-2AI21FA.srcs/sources_1/bd/zusys/hdl/zusys_wrapper.vhd
INFO: [BD 41-1029] Generation completed for the IP Integrator block labtools_fmeter_0 .
INFO: [BD 41-1029] Generation completed for the IP Integrator block util_ds_buf_0 .
INFO: [BD 41-1029] Generation completed for the IP Integrator block vio_0 .
INFO: [BD 41-1029] Generation completed for the IP Integrator block xlconcat_0 .
INFO: [xilinx.com:ip:zynq_ultra_ps_e:3.3-0] zusys_zynq_ultra_ps_e_0_0: 
Changes in your design (including the PCW configuration settings) are not automatically exported from Vivado to Xilinx's SDK, Petalinux or Yocto.
This is by design to avoid disrupting existing embedded development efforts. To have any changes of your design taking effect in the embedded software flow please export your
design by going through Vivado's main menu, click on File, then Export finally select Export Hardware, please ensure you click on the Include BitStream option.
The auto-generated HDF file is all you need to import in Xilinx's SDK, Petalinux or Yocto for your changes to be reflected in the Embedded Software Flow.
For more information, please consult PG201, section: Exporting PCW Settings to Embedded Software Flows
INFO: [PSU-0] Address Range of DDR (0x7ff00000 to 0x7fffffff) is reserved by PMU for internal purpose.
WARNING: [IP_Flow 19-5611] Unable to find an associated reset port for the interface 'M_AXI_HPM0_LPD'. A default connection has been created.
INFO: [BD 41-1029] Generation completed for the IP Integrator block zynq_ultra_ps_e_0 .
Exporting to file /home/vagrant/Downloads/TE0820/TE0820-03-2AI21FA/vivado/TE0820-03-2AI21FA.srcs/sources_1/bd/zusys/hw_handoff/zusys.hwh
Generated Block Design Tcl file /home/vagrant/Downloads/TE0820/TE0820-03-2AI21FA/vivado/TE0820-03-2AI21FA.srcs/sources_1/bd/zusys/hw_handoff/zusys_bd.tcl
Generated Hardware Definition File /home/vagrant/Downloads/TE0820/TE0820-03-2AI21FA/vivado/TE0820-03-2AI21FA.srcs/sources_1/bd/zusys/synth/zusys.hwdef
generate_target: Time (s): cpu = 00:00:38 ; elapsed = 00:00:37 . Memory (MB): peak = 6976.262 ; gain = 139.719 ; free physical = 4386 ; free virtual = 12412
INFO: [TE_HW-34] Generate top level wrapper
INFO: [TE_INIT-139] Run project finished without Error. 
  ------
-----------------------------------------------------------------------
update_compile_order -fileset sources_1
exit
INFO: [Common 17-206] Exiting Vivado at Tue Aug 18 23:45:58 2020...
