#-----------------------------------------------------------
# Vivado v2019.2 (64-bit)
# SW Build 2708876 on Wed Nov  6 21:39:14 MST 2019
# IP Build 2700528 on Thu Nov  7 00:09:20 MST 2019
# Start of session at: Tue Aug 18 23:58:16 2020
# Process ID: 27123
# Current directory: /home/vagrant/git/airliner/config/squeaky_weasel/target/hw/TE0820-03-2AI21FA
# Command line: vivado
# Log file: /home/vagrant/git/airliner/config/squeaky_weasel/target/hw/TE0820-03-2AI21FA/vivado.log
# Journal file: /home/vagrant/git/airliner/config/squeaky_weasel/target/hw/TE0820-03-2AI21FA/vivado.jou
#-----------------------------------------------------------
start_gui
open_project /home/vagrant/git/airliner/config/squeaky_weasel/target/hw/TE0820-03-2AI21FA/vivado/TE0820-03-2AI21FA.xpr
INFO: [Project 1-313] Project file moved from '/home/vagrant/Downloads/TE0820/TE0820-03-2AI21FA/vivado' since last save.
Scanning sources...
Finished scanning sources
INFO: [filemgmt 56-1] Board Part Repository Path: Directory not found as '/home/vagrant/git/airliner/config/squeaky_weasel/target/hw/TE0820-03-2AI21FA/board_files'; using path '/home/vagrant/Downloads/TE0820/TE0820-03-2AI21FA/board_files' instead.
INFO: [filemgmt 56-1] IP Repository Path: Directory not found as '/home/vagrant/git/airliner/config/squeaky_weasel/target/hw/TE0820-03-2AI21FA/ip_lib'; using path '/home/vagrant/Downloads/TE0820/TE0820-03-2AI21FA/ip_lib' instead.
INFO: [IP_Flow 19-234] Refreshing IP repositories
INFO: [IP_Flow 19-1700] Loaded user IP repository '/home/vagrant/Downloads/TE0820/TE0820-03-2AI21FA/ip_lib'.
INFO: [IP_Flow 19-2313] Loaded Vivado IP repository '/opt/Xilinx/Vivado/2019.2/data/ip'.
open_project: Time (s): cpu = 00:00:16 ; elapsed = 00:00:16 . Memory (MB): peak = 6603.062 ; gain = 189.352 ; free physical = 4472 ; free virtual = 12608
update_compile_order -fileset sources_1
launch_runs impl_1 -jobs 2
INFO: [IP_Flow 19-5642] Done with IP cache export for multiple IPs
[Tue Aug 18 23:59:56 2020] Launched zusys_util_ds_buf_0_0_synth_1, zusys_labtools_fmeter_0_0_synth_1, zusys_zynq_ultra_ps_e_0_0_synth_1, zusys_vio_0_0_synth_1, synth_1...
Run output will be captured here:
zusys_util_ds_buf_0_0_synth_1: /home/vagrant/git/airliner/config/squeaky_weasel/target/hw/TE0820-03-2AI21FA/vivado/TE0820-03-2AI21FA.runs/zusys_util_ds_buf_0_0_synth_1/runme.log
zusys_labtools_fmeter_0_0_synth_1: /home/vagrant/git/airliner/config/squeaky_weasel/target/hw/TE0820-03-2AI21FA/vivado/TE0820-03-2AI21FA.runs/zusys_labtools_fmeter_0_0_synth_1/runme.log
zusys_zynq_ultra_ps_e_0_0_synth_1: /home/vagrant/git/airliner/config/squeaky_weasel/target/hw/TE0820-03-2AI21FA/vivado/TE0820-03-2AI21FA.runs/zusys_zynq_ultra_ps_e_0_0_synth_1/runme.log
zusys_vio_0_0_synth_1: /home/vagrant/git/airliner/config/squeaky_weasel/target/hw/TE0820-03-2AI21FA/vivado/TE0820-03-2AI21FA.runs/zusys_vio_0_0_synth_1/runme.log
synth_1: /home/vagrant/git/airliner/config/squeaky_weasel/target/hw/TE0820-03-2AI21FA/vivado/TE0820-03-2AI21FA.runs/synth_1/runme.log
[Tue Aug 18 23:59:58 2020] Launched impl_1...
Run output will be captured here: /home/vagrant/git/airliner/config/squeaky_weasel/target/hw/TE0820-03-2AI21FA/vivado/TE0820-03-2AI21FA.runs/impl_1/runme.log
launch_runs: Time (s): cpu = 00:00:08 ; elapsed = 00:00:07 . Memory (MB): peak = 6687.348 ; gain = 32.973 ; free physical = 4437 ; free virtual = 12574
launch_runs impl_1 -to_step write_bitstream -jobs 2
[Wed Aug 19 00:16:19 2020] Launched impl_1...
Run output will be captured here: /home/vagrant/git/airliner/config/squeaky_weasel/target/hw/TE0820-03-2AI21FA/vivado/TE0820-03-2AI21FA.runs/impl_1/runme.log
open_run impl_1
INFO: [Device 21-403] Loading part xczu2cg-sfvc784-1-i
Netlist sorting complete. Time (s): cpu = 00:00:00.08 ; elapsed = 00:00:00.07 . Memory (MB): peak = 7589.758 ; gain = 0.000 ; free physical = 4814 ; free virtual = 11689
INFO: [Netlist 29-17] Analyzing 25 Unisim elements for replacement
INFO: [Netlist 29-28] Unisim Transformation completed in 0 CPU seconds
INFO: [Project 1-479] Netlist was created with Vivado 2019.2
INFO: [Project 1-570] Preparing netlist for logic optimization
WARNING: [Constraints 18-550] Could not create 'IBUF_LOW_PWR' constraint because net 'zusys_i/util_ds_buf_0/IBUF_OUT[0]' is not directly connected to top level port. Synthesis is ignored for IBUF_LOW_PWR but preserved for implementation.
INFO: [Timing 38-478] Restoring timing data from binary archive.
INFO: [Timing 38-479] Binary timing data restore complete.
INFO: [Project 1-856] Restoring constraints from binary archive.
INFO: [Constraints 18-5170] The checkpoint was created with non-default parameter values which do not match the current Vivado settings.  Mismatching parameters are:
  general.maxThreads
INFO: [Project 1-853] Binary constraint restore complete.
Reading XDEF placement.
Reading placer database...
Reading XDEF routing.
Read XDEF File: Time (s): cpu = 00:00:02 ; elapsed = 00:00:02 . Memory (MB): peak = 7820.637 ; gain = 5.938 ; free physical = 4420 ; free virtual = 11295
Restored from archive | CPU: 2.230000 secs | Memory: 2.511337 MB |
Finished XDEF File Restore: Time (s): cpu = 00:00:02 ; elapsed = 00:00:02 . Memory (MB): peak = 7820.637 ; gain = 5.938 ; free physical = 4420 ; free virtual = 11295
Netlist sorting complete. Time (s): cpu = 00:00:00 ; elapsed = 00:00:00 . Memory (MB): peak = 7820.637 ; gain = 0.000 ; free physical = 4419 ; free virtual = 11295
INFO: [Project 1-111] Unisim Transformation Summary:
  A total of 9 instances were transformed.
  DSP48E1 => DSP48E2 (DSP_ALU, DSP_A_B_DATA, DSP_C_DATA, DSP_MULTIPLIER, DSP_M_DATA, DSP_OUTPUT, DSP_PREADD, DSP_PREADD_DATA): 2 instances
  IBUF => IBUF (IBUFCTRL, INBUF): 2 instances
  IBUFDS => IBUFDS (DIFFINBUF, IBUFCTRL): 1 instance 
  RAM32M16 => RAM32M16 (RAMD32(x14), RAMS32(x2)): 4 instances

open_run: Time (s): cpu = 00:00:45 ; elapsed = 00:01:01 . Memory (MB): peak = 8029.090 ; gain = 1240.781 ; free physical = 4277 ; free virtual = 11156
WARNING: [Timing 38-436] There are set_bus_skew constraint(s) in this design. Please run report_bus_skew to ensure that bus skew requirements are met.
exit
INFO: [Common 17-206] Exiting Vivado at Wed Aug 19 00:20:19 2020...
