2018-06-28 15:30:55,518 - rocky.fence - INFO - Thread FenceCheck starting
2018-06-28 15:30:55,519 - rocky.comms - INFO - Subscribing to the following telemetry: ['/Airliner/CNTL/VehicleGlobalPosition/Lat', '/Airliner/CNTL/VehicleGlobalPosition/Alt', '/Airliner/CNTL/VehicleGlobalPosition/Lon']
2018-06-28 15:30:55,519 - rocky.comms - INFO - Subscribing to the following telemetry: ['/Airliner/CNTL/VehicleGlobalPosition/VelN', '/Airliner/CNTL/VehicleGlobalPosition/Alt', '/Airliner/CNTL/VehicleGlobalPosition/VelD', '/Airliner/CNTL/VehicleGlobalPosition/Lon', '/Airliner/CNTL/VehicleGlobalPosition/VelE', '/Airliner/CNTL/VehicleGlobalPosition/Lat', '/Airliner/CNTL/VehicleGlobalPosition/Yaw']
2018-06-28 15:30:56,520 - stdout - INFO - (write) 'Waiting for telemetry downlink...'
2018-06-28 15:30:56,521 - stdout - INFO - (write) 'Requires authorization for: Arm [y/n] '
2018-06-28 15:30:59,581 - stdin - INFO - (readline) 'y\n'
2018-06-28 15:30:59,581 - rocky.ctrl - INFO - ATP: Arm Auth: True
2018-06-28 15:30:59,581 - stdout - INFO - (write) 'Arming vehicle'
2018-06-28 15:30:59,581 - rocky.ctrl - INFO - Arming vehicle
2018-06-28 15:30:59,587 - stdout - INFO - (write) 'Requires authorization for: Takeoff [y/n] '
2018-06-28 15:31:00,221 - stdin - INFO - (readline) 'y\n'
2018-06-28 15:31:00,221 - rocky.ctrl - INFO - ATP: Takeoff Auth: True
2018-06-28 15:31:00,221 - stdout - INFO - (write) 'Auto takeoff'
2018-06-28 15:31:00,221 - rocky.ctrl - INFO - Auto takeoff
2018-06-28 15:31:05,228 - stdout - INFO - (write) 'Position control'
2018-06-28 15:31:05,228 - rocky.ctrl - INFO - Position control
2018-06-28 15:31:05,232 - stdout - INFO - (write) 'Requires authorization for: Move Up [y/n] '
2018-06-28 15:31:05,965 - stdin - INFO - (readline) 'y\n'
2018-06-28 15:31:05,965 - rocky.ctrl - INFO - ATP: Move Up Auth: True
2018-06-28 15:31:17,212 - rocky.nav - INFO - vnav expected 500.808959961 actual 500.313781738 (0.495178222656 < 0.5 m)
2018-06-28 15:31:17,212 - stdout - INFO - (write) 'Requires authorization for: First [y/n] '
2018-06-28 15:31:18,055 - stdin - INFO - (readline) 'y\n'
2018-06-28 15:31:18,055 - rocky.ctrl - INFO - ATP: First Auth: True
2018-06-28 15:31:23,044 - rocky.nav - INFO - lnav expected 5 actual 4.26490758686 (0.735092413135 < 0.75 m)
2018-06-28 15:31:31,367 - rocky.nav - INFO - rotate expected 227.240124804 actual 225.29106134 (in HeadingRange(225.240124804, 229.240124804))
2018-06-28 15:31:35,549 - rocky.nav - INFO - lnav expected 5 actual 4.26580482819 (0.734195171813 < 0.75 m)
2018-06-28 15:31:43,859 - rocky.nav - INFO - rotate expected 315.266008206 actual 313.358198856 (in HeadingRange(313.266008206, 317.266008206))
2018-06-28 15:31:47,729 - rocky.nav - INFO - lnav expected 5 actual 4.2664043724 (0.733595627598 < 0.75 m)
2018-06-28 15:31:55,732 - rocky.nav - INFO - rotate expected 43.4773173553 actual 41.4983442648 (in HeadingRange(41.4773173553, 45.4773173553))
2018-06-28 15:31:59,724 - rocky.nav - INFO - lnav expected 5 actual 4.26065218333 (0.739347816668 < 0.75 m)
2018-06-28 15:32:07,519 - rocky.nav - INFO - rotate expected 131.621560877 actual 129.687178677 (in HeadingRange(129.621560877, 133.621560877))
2018-06-28 15:32:07,520 - stdout - INFO - (write) 'Requires authorization for: Second [y/n] '
2018-06-28 15:32:09,350 - stdin - INFO - (readline) 'y\n'
2018-06-28 15:32:09,350 - rocky.ctrl - INFO - ATP: Second Auth: True
2018-06-28 15:32:22,097 - rocky.nav - INFO - lnav expected 5 actual 4.25157809313 (0.748421906872 < 0.75 m)
2018-06-28 15:32:30,514 - rocky.nav - INFO - rotate expected 39.8171435164 actual 41.766258435 (in HeadingRange(37.8171435164, 41.8171435164))
2018-06-28 15:32:35,210 - rocky.nav - INFO - lnav expected 5 actual 4.26303354169 (0.736966458313 < 0.75 m)
2018-06-28 15:32:43,409 - rocky.nav - INFO - rotate expected 311.711825242 actual 313.639882688 (in HeadingRange(309.711825242, 313.711825242))
2018-06-28 15:32:47,095 - rocky.nav - INFO - lnav expected 5 actual 4.27456785431 (0.725432145685 < 0.75 m)
2018-06-28 15:32:55,105 - rocky.nav - INFO - rotate expected 223.528256906 actual 225.492579241 (in HeadingRange(221.528256906, 225.528256906))
2018-06-28 15:32:58,573 - rocky.nav - INFO - lnav expected 5 actual 4.28665842012 (0.713341579881 < 0.75 m)
2018-06-28 15:33:06,178 - rocky.nav - INFO - rotate expected 135.237020883 actual 137.187491367 (in HeadingRange(133.237020883, 137.237020883))
2018-06-28 15:33:06,179 - stdout - INFO - (write) 'Requires authorization for: Third [y/n] '
2018-06-28 15:33:07,287 - stdin - INFO - (readline) 'y\n'
2018-06-28 15:33:07,287 - rocky.ctrl - INFO - ATP: Third Auth: True
2018-06-28 15:33:11,265 - rocky.nav - INFO - lnav expected 5 actual 4.2800129641 (0.7199870359 < 0.75 m)
2018-06-28 15:33:19,460 - rocky.nav - INFO - rotate expected 227.190332725 actual 225.366002175 (in HeadingRange(225.190332725, 229.190332725))
2018-06-28 15:33:23,540 - rocky.nav - INFO - lnav expected 5 actual 4.28683832273 (0.713161677274 < 0.75 m)
2018-06-28 15:33:31,742 - rocky.nav - INFO - rotate expected 315.367668741 actual 313.410323445 (in HeadingRange(313.367668741, 317.367668741))
2018-06-28 15:33:35,525 - rocky.nav - INFO - lnav expected 5 actual 4.27033964922 (0.729660350785 < 0.75 m)
2018-06-28 15:33:43,532 - rocky.nav - INFO - rotate expected 43.5206651509 actual 41.54511057 (in HeadingRange(41.5206651509, 45.5206651509))
2018-06-28 15:33:46,689 - rocky.nav - INFO - lnav expected 5 actual 4.28040224306 (0.719597756937 < 0.75 m)
2018-06-28 15:33:54,088 - rocky.nav - INFO - rotate expected 131.88576967 actual 129.909965787 (in HeadingRange(129.88576967, 133.88576967))
2018-06-28 15:33:54,088 - stdout - INFO - (write) 'Requires authorization for: Fourth [y/n] '
2018-06-28 15:33:57,623 - stdin - INFO - (readline) 'y\n'
2018-06-28 15:33:57,623 - rocky.ctrl - INFO - ATP: Fourth Auth: True
2018-06-28 15:34:00,986 - rocky.nav - INFO - lnav expected 5 actual 4.31373206372 (0.686267936284 < 0.75 m)
2018-06-28 15:34:09,408 - rocky.nav - INFO - rotate expected 39.8957863145 actual 41.8730928389 (in HeadingRange(37.8957863145, 41.8957863145))
2018-06-28 15:34:12,769 - rocky.nav - INFO - lnav expected 5 actual 4.31494446847 (0.685055531527 < 0.75 m)
2018-06-28 15:34:20,879 - rocky.nav - INFO - rotate expected 311.843480554 actual 313.840133589 (in HeadingRange(309.843480554, 313.843480554))
2018-06-28 15:34:24,451 - rocky.nav - INFO - lnav expected 5 actual 4.30632507313 (0.693674926875 < 0.75 m)
2018-06-28 15:34:32,451 - rocky.nav - INFO - rotate expected 223.773341169 actual 225.702170426 (in HeadingRange(221.773341169, 225.773341169))
2018-06-28 15:34:36,018 - rocky.nav - INFO - lnav expected 5 actual 4.27829167472 (0.721708325279 < 0.75 m)
2018-06-28 15:34:43,815 - rocky.nav - INFO - rotate expected 135.449289502 actual 137.341635076 (in HeadingRange(133.449289502, 137.449289502))
2018-06-28 15:34:43,818 - stdout - INFO - (write) 'Requires authorization for: Return [y/n] '
2018-06-28 15:34:45,784 - stdin - INFO - (readline) 'y\n'
2018-06-28 15:34:45,785 - rocky.ctrl - INFO - ATP: Return Auth: True
2018-06-28 15:34:45,785 - stdout - INFO - (write) 'RTL'
2018-06-28 15:34:45,785 - rocky.ctrl - INFO - RTL
2018-06-28 15:34:45,788 - rocky - INFO - Vehicle is shutting down.
2018-06-28 15:34:45,789 - rocky.fence - INFO - Thread FenceCheck stopping.
2018-06-28 15:34:45,789 - rocky - INFO - Shutdown complete.
