2018-06-28 15:41:01,058 - rocky.fence - INFO - Thread FenceCheck starting
2018-06-28 15:41:01,058 - rocky.comms - INFO - Subscribing to the following telemetry: ['/Airliner/CNTL/VehicleGlobalPosition/Lat', '/Airliner/CNTL/VehicleGlobalPosition/Alt', '/Airliner/CNTL/VehicleGlobalPosition/Lon']
2018-06-28 15:41:01,058 - rocky.comms - INFO - Subscribing to the following telemetry: ['/Airliner/CNTL/VehicleGlobalPosition/VelN', '/Airliner/CNTL/VehicleGlobalPosition/Alt', '/Airliner/CNTL/VehicleGlobalPosition/VelD', '/Airliner/CNTL/VehicleGlobalPosition/Lon', '/Airliner/CNTL/VehicleGlobalPosition/VelE', '/Airliner/CNTL/VehicleGlobalPosition/Lat', '/Airliner/CNTL/VehicleGlobalPosition/Yaw']
2018-06-28 15:41:01,059 - stdout - INFO - (write) 'Requires authorization for: Begin Mission [y/n] '
2018-06-28 15:41:02,701 - stdin - INFO - (readline) 'y\n'
2018-06-28 15:41:02,701 - rocky.ctrl - INFO - ATP: Begin Mission Auth: True
2018-06-28 15:41:02,701 - stdout - INFO - (write) 'Arming vehicle'
2018-06-28 15:41:02,702 - rocky.ctrl - INFO - Arming vehicle
2018-06-28 15:41:02,708 - stdout - INFO - (write) 'Auto takeoff'
2018-06-28 15:41:02,708 - rocky.ctrl - INFO - Auto takeoff
2018-06-28 15:41:20,499 - rocky.nav - INFO - goto expected Waypoint(47.39798562, 8.54556684263, 500.922302246, 137.578519697) actual Waypoint(47.3979789232, 8.54556703146, 500.925201416, 137.872135869) (0.744680070343 < 0.75 m)
2018-06-28 15:41:26,700 - rocky.nav - INFO - goto expected Waypoint(47.39798562, 8.54569931157, 500.922302246, 137.578519697) actual Waypoint(47.3979917253, 8.5456955615, 501.067047119, 137.518386711) (0.735450387763 < 0.75 m)
2018-06-28 15:41:41,111 - rocky.nav - INFO - goto expected Waypoint(47.3977157838, 8.54569931157, 500.922302246, 137.578519697) actual Waypoint(47.3977209932, 8.54569838508, 500.982543945, 137.71113465) (0.583376642072 < 0.75 m)
2018-06-28 15:41:47,213 - rocky.nav - INFO - goto expected Waypoint(47.3977157838, 8.54583177983, 500.922302246, 137.578519697) actual Waypoint(47.3977110102, 8.54582478261, 500.885437012, 137.346662095) (0.748785025295 < 0.75 m)
2018-06-28 15:42:00,402 - rocky.nav - INFO - goto expected Waypoint(47.3979856199, 8.54583177983, 500.922302246, 137.578519697) actual Waypoint(47.3979790187, 8.54583161309, 500.834320068, 137.872245152) (0.734016438988 < 0.75 m)
2018-06-28 15:42:06,504 - rocky.nav - INFO - goto expected Waypoint(47.3979856198, 8.54596424877, 500.922302246, 137.578519697) actual Waypoint(47.3979903216, 8.54595735536, 500.901580811, 137.345705869) (0.737596934005 < 0.75 m)
2018-06-28 15:42:20,105 - rocky.nav - INFO - goto expected Waypoint(47.3977157837, 8.54596424877, 500.922302246, 137.578519697) actual Waypoint(47.3977210797, 8.54596475982, 500.962341309, 137.729521519) (0.590068506167 < 0.75 m)
2018-06-28 15:42:26,211 - rocky.nav - INFO - goto expected Waypoint(47.3977157836, 8.54609671703, 500.922302246, 137.578519697) actual Waypoint(47.3977108247, 8.54609116307, 500.853118896, 137.591169207) (0.692632857961 < 0.75 m)
2018-06-28 15:42:39,813 - rocky.nav - INFO - goto expected Waypoint(47.3979856197, 8.54609671703, 500.922302246, 137.578519697) actual Waypoint(47.397980005, 8.54609631627, 500.521392822, 137.859486358) (0.624969150547 < 0.75 m)
2018-06-28 15:42:46,024 - rocky.nav - INFO - goto expected Waypoint(47.3979856196, 8.54622918597, 500.922302246, 137.578519697) actual Waypoint(47.397990617, 8.54622393153, 501.309661865, 137.516296673) (0.682656138328 < 0.75 m)
2018-06-28 15:43:02,763 - rocky.nav - INFO - goto expected Waypoint(47.3977157835, 8.54622918597, 500.922302246, 137.578519697) actual Waypoint(47.3977222133, 8.54622930103, 500.975158691, 137.421056516) (0.714898969397 < 0.75 m)
2018-06-28 15:43:02,764 - stdout - INFO - (write) 'RTL'
2018-06-28 15:43:02,764 - rocky.ctrl - INFO - RTL
2018-06-28 15:43:02,767 - rocky - INFO - Vehicle is shutting down.
2018-06-28 15:43:02,767 - rocky.fence - INFO - Thread FenceCheck stopping.
2018-06-28 15:43:02,767 - rocky - INFO - Shutdown complete.
