2018-06-28 15:20:06,335 - rocky.fence - INFO - Thread FenceCheck starting
2018-06-28 15:20:06,335 - rocky.comms - INFO - Subscribing to the following telemetry: ['/Airliner/CNTL/VehicleGlobalPosition/Lat', '/Airliner/CNTL/VehicleGlobalPosition/Alt', '/Airliner/CNTL/VehicleGlobalPosition/Lon']
2018-06-28 15:20:06,335 - rocky.comms - INFO - Subscribing to the following telemetry: ['/Airliner/CNTL/VehicleGlobalPosition/VelN', '/Airliner/CNTL/VehicleGlobalPosition/Alt', '/Airliner/CNTL/VehicleGlobalPosition/VelD', '/Airliner/CNTL/VehicleGlobalPosition/Lon', '/Airliner/CNTL/VehicleGlobalPosition/VelE', '/Airliner/CNTL/VehicleGlobalPosition/Lat', '/Airliner/CNTL/VehicleGlobalPosition/Yaw']
2018-06-28 15:20:07,337 - stdout - INFO - (write) 'Waiting for telemetry downlink...'
2018-06-28 15:20:07,337 - stdout - INFO - (write) 'Requires authorization for: Arm [y/n] '
2018-06-28 15:20:09,759 - stdin - INFO - (readline) 'y\n'
2018-06-28 15:20:09,759 - rocky.ctrl - INFO - ATP: Arm Auth: True
2018-06-28 15:20:09,759 - stdout - INFO - (write) 'Arming vehicle'
2018-06-28 15:20:09,759 - rocky.ctrl - INFO - Arming vehicle
2018-06-28 15:20:09,762 - stdout - INFO - (write) 'Requires authorization for: Takeoff [y/n] '
2018-06-28 15:20:10,548 - stdin - INFO - (readline) 'y\n'
2018-06-28 15:20:10,549 - rocky.ctrl - INFO - ATP: Takeoff Auth: True
2018-06-28 15:20:10,549 - stdout - INFO - (write) 'Auto takeoff'
2018-06-28 15:20:10,549 - rocky.ctrl - INFO - Auto takeoff
2018-06-28 15:20:15,553 - stdout - INFO - (write) 'Position control'
2018-06-28 15:20:15,554 - rocky.ctrl - INFO - Position control
2018-06-28 15:20:15,556 - stdout - INFO - (write) 'Requires authorization for: Move Up [y/n] '
2018-06-28 15:20:16,436 - stdin - INFO - (readline) 'y\n'
2018-06-28 15:20:16,436 - rocky.ctrl - INFO - ATP: Move Up Auth: True
2018-06-28 15:20:28,561 - rocky.nav - INFO - vnav expected 500.831268311 actual 500.333557129 (0.497711181641 < 0.5 m)
2018-06-28 15:20:28,562 - stdout - INFO - (write) 'Requires authorization for: First [y/n] '
2018-06-28 15:20:29,468 - stdin - INFO - (readline) 'y\n'
2018-06-28 15:20:29,469 - rocky.ctrl - INFO - ATP: First Auth: True
2018-06-28 15:20:33,943 - rocky.nav - INFO - lnav expected 5 actual 4.27963350732 (0.720366492679 < 0.75 m)
2018-06-28 15:20:37,918 - rocky.nav - INFO - lnav expected 5 actual 4.2814630164 (0.718536983598 < 0.75 m)
2018-06-28 15:20:41,790 - rocky.nav - INFO - lnav expected 5 actual 4.25612939979 (0.743870600209 < 0.75 m)
2018-06-28 15:20:46,166 - rocky.nav - INFO - lnav expected 5 actual 4.26950292002 (0.730497079975 < 0.75 m)
2018-06-28 15:20:46,167 - stdout - INFO - (write) 'Requires authorization for: Second [y/n] '
2018-06-28 15:20:47,429 - stdin - INFO - (readline) 'y\n'
2018-06-28 15:20:47,429 - rocky.ctrl - INFO - ATP: Second Auth: True
2018-06-28 15:20:52,205 - rocky.nav - INFO - lnav expected 5 actual 4.2606746215 (0.739325378497 < 0.75 m)
2018-06-28 15:20:56,278 - rocky.nav - INFO - lnav expected 5 actual 4.25129188591 (0.748708114092 < 0.75 m)
2018-06-28 15:21:00,557 - rocky.nav - INFO - lnav expected 5 actual 4.28178390331 (0.718216096689 < 0.75 m)
2018-06-28 15:21:04,727 - rocky.nav - INFO - lnav expected 5 actual 4.26255358704 (0.737446412961 < 0.75 m)
2018-06-28 15:21:04,728 - stdout - INFO - (write) 'Requires authorization for: Third [y/n] '
2018-06-28 15:21:08,069 - stdin - INFO - (readline) 'y\n'
2018-06-28 15:21:08,069 - rocky.ctrl - INFO - ATP: Third Auth: True
2018-06-28 15:21:12,341 - rocky.nav - INFO - lnav expected 5 actual 4.28096039298 (0.719039607024 < 0.75 m)
2018-06-28 15:21:17,232 - rocky.nav - INFO - lnav expected 5 actual 4.26374732084 (0.736252679159 < 0.75 m)
2018-06-28 15:21:21,417 - rocky.nav - INFO - lnav expected 5 actual 4.27524060179 (0.724759398214 < 0.75 m)
2018-06-28 15:21:24,977 - rocky.nav - INFO - lnav expected 5 actual 4.26239384652 (0.737606153478 < 0.75 m)
2018-06-28 15:21:24,978 - stdout - INFO - (write) 'Requires authorization for: Fourth [y/n] '
2018-06-28 15:21:26,197 - stdin - INFO - (readline) 'y\n'
2018-06-28 15:21:26,197 - rocky.ctrl - INFO - ATP: Fourth Auth: True
2018-06-28 15:21:30,360 - rocky.nav - INFO - lnav expected 5 actual 4.28529203346 (0.714707966537 < 0.75 m)
2018-06-28 15:21:34,034 - rocky.nav - INFO - lnav expected 5 actual 4.26119886047 (0.738801139534 < 0.75 m)
2018-06-28 15:21:38,836 - rocky.nav - INFO - lnav expected 5 actual 4.27908861591 (0.72091138409 < 0.75 m)
2018-06-28 15:21:43,931 - rocky.nav - INFO - lnav expected 5 actual 4.26186130317 (0.738138696829 < 0.75 m)
2018-06-28 15:21:43,932 - stdout - INFO - (write) 'Requires authorization for: Return [y/n] '
2018-06-28 15:21:45,040 - stdin - INFO - (readline) 'y\n'
2018-06-28 15:21:45,040 - rocky.ctrl - INFO - ATP: Return Auth: True
2018-06-28 15:21:45,041 - stdout - INFO - (write) 'RTL'
2018-06-28 15:21:45,041 - rocky.ctrl - INFO - RTL
2018-06-28 15:21:45,044 - rocky - INFO - Vehicle is shutting down.
2018-06-28 15:21:45,045 - rocky.fence - INFO - Thread FenceCheck stopping.
2018-06-28 15:21:45,045 - rocky - INFO - Shutdown complete.
