2018-06-28 15:39:43,733 - rocky.fence - INFO - Thread FenceCheck starting
2018-06-28 15:39:43,733 - rocky.comms - INFO - Subscribing to the following telemetry: ['/Airliner/CNTL/VehicleGlobalPosition/Lat', '/Airliner/CNTL/VehicleGlobalPosition/Alt', '/Airliner/CNTL/VehicleGlobalPosition/Lon']
2018-06-28 15:39:43,734 - rocky.comms - INFO - Subscribing to the following telemetry: ['/Airliner/CNTL/VehicleGlobalPosition/VelN', '/Airliner/CNTL/VehicleGlobalPosition/Alt', '/Airliner/CNTL/VehicleGlobalPosition/VelD', '/Airliner/CNTL/VehicleGlobalPosition/Lon', '/Airliner/CNTL/VehicleGlobalPosition/VelE', '/Airliner/CNTL/VehicleGlobalPosition/Lat', '/Airliner/CNTL/VehicleGlobalPosition/Yaw']
2018-06-28 15:39:44,735 - stdout - INFO - (write) 'Waiting for telemetry downlink...'
2018-06-28 15:39:44,735 - stdout - INFO - (write) 'Requires authorization for: Arm [y/n] '
2018-06-28 15:39:46,396 - stdin - INFO - (readline) 'y\n'
2018-06-28 15:39:46,396 - rocky.ctrl - INFO - ATP: Arm Auth: True
2018-06-28 15:39:46,396 - stdout - INFO - (write) 'Arming vehicle'
2018-06-28 15:39:46,396 - rocky.ctrl - INFO - Arming vehicle
2018-06-28 15:39:46,400 - stdout - INFO - (write) 'Requires authorization for: Takeoff [y/n] '
2018-06-28 15:39:47,620 - stdin - INFO - (readline) 'y\n'
2018-06-28 15:39:47,620 - rocky.ctrl - INFO - ATP: Takeoff Auth: True
2018-06-28 15:39:47,620 - stdout - INFO - (write) 'Auto takeoff'
2018-06-28 15:39:47,620 - rocky.ctrl - INFO - Auto takeoff
2018-06-28 15:39:52,625 - stdout - INFO - (write) 'Requires authorization for: Enable Fence [y/n] '
2018-06-28 15:39:54,254 - stdin - INFO - (readline) 'y\n'
2018-06-28 15:39:54,254 - rocky.ctrl - INFO - ATP: Enable Fence Auth: True
2018-06-28 15:39:54,255 - stdout - INFO - (write) 'Requires authorization for: Start mission [y/n] '
2018-06-28 15:39:55,740 - stdin - INFO - (readline) 'y\n'
2018-06-28 15:39:55,740 - rocky.ctrl - INFO - ATP: Start mission Auth: True
2018-06-28 15:40:08,977 - rocky.nav - INFO - goto expected Waypoint(47.3977194634, 8.54577618757, 500.961181641, 138.054010146) actual Waypoint(47.3977200727, 8.54576982764, 501.03503418, 138.109963056) (0.484864375029 < 0.5 m)
2018-06-28 15:40:15,796 - rocky.fence - ERROR - Encountered Fence Violation at Position(47.3978376367, 8.54578526809, 500.901489258)
2018-06-28 15:40:15,796 - stdout - INFO - (write) 'RTL'
2018-06-28 15:40:15,796 - stdout - INFO - (write) 'Encountered fence violation. Press Ctrl-C exit.'
2018-06-28 15:40:15,797 - rocky.ctrl - INFO - RTL
2018-06-28 15:40:52,701 - stdout - INFO - (write) 'Error in execution. Returning to Launch.'
2018-06-28 15:40:52,701 - stdout - INFO - (write) 'RTL'
2018-06-28 15:40:52,701 - stderr - ERROR - (write) 'Traceback (most recent call last):\n'
2018-06-28 15:40:52,701 - rocky.ctrl - INFO - RTL
2018-06-28 15:40:52,701 - stderr - ERROR - (write) '  File "pyliner.py", line 35, in <module>\n'
2018-06-28 15:40:52,702 - stderr - ERROR - (write) "imp.load_source('script', args.script)\n"
2018-06-28 15:40:52,704 - stderr - ERROR - (write) '  File "flight/geofence.py", line 44, in <module>\n'
2018-06-28 15:40:52,705 - stderr - ERROR - (write) 'goto(new)\n'
2018-06-28 15:40:52,705 - stderr - ERROR - (write) '  File "/home/evanderwerf/airliner/tools/pyliner/pyliner/navigation/goto.py", line 89, in __call__\n'
2018-06-28 15:40:52,705 - stderr - ERROR - (write) 'time.sleep(self.nav.sleep_time)\n'
2018-06-28 15:40:52,705 - stderr - ERROR - (write) 'KeyboardInterrupt'
2018-06-28 15:40:52,705 - stderr - ERROR - (write) ''
2018-06-28 15:40:52,705 - rocky - INFO - Vehicle is shutting down.
2018-06-28 15:40:52,706 - rocky.fence - INFO - Thread FenceCheck stopping.
2018-06-28 15:40:52,706 - rocky - INFO - Shutdown complete.
