2018-06-28 15:37:30,626 - rocky.fence - INFO - Thread FenceCheck starting
2018-06-28 15:37:30,627 - rocky.comms - INFO - Subscribing to the following telemetry: ['/Airliner/CNTL/VehicleGlobalPosition/Lat', '/Airliner/CNTL/VehicleGlobalPosition/Alt', '/Airliner/CNTL/VehicleGlobalPosition/Lon']
2018-06-28 15:37:30,627 - rocky.comms - INFO - Subscribing to the following telemetry: ['/Airliner/CNTL/VehicleGlobalPosition/VelN', '/Airliner/CNTL/VehicleGlobalPosition/Alt', '/Airliner/CNTL/VehicleGlobalPosition/VelD', '/Airliner/CNTL/VehicleGlobalPosition/Lon', '/Airliner/CNTL/VehicleGlobalPosition/VelE', '/Airliner/CNTL/VehicleGlobalPosition/Lat', '/Airliner/CNTL/VehicleGlobalPosition/Yaw']
2018-06-28 15:37:31,628 - stdout - INFO - (write) 'Waiting for telemetry downlink...'
2018-06-28 15:37:31,628 - stdout - INFO - (write) 'Requires authorization for: Arm [y/n] '
2018-06-28 15:37:33,995 - stdin - INFO - (readline) 'y\n'
2018-06-28 15:37:33,995 - rocky.ctrl - INFO - ATP: Arm Auth: True
2018-06-28 15:37:33,995 - stdout - INFO - (write) 'Arming vehicle'
2018-06-28 15:37:33,995 - rocky.ctrl - INFO - Arming vehicle
2018-06-28 15:37:34,000 - stdout - INFO - (write) 'Requires authorization for: Takeoff [y/n] '
2018-06-28 15:37:35,178 - stdin - INFO - (readline) 'y\n'
2018-06-28 15:37:35,178 - rocky.ctrl - INFO - ATP: Takeoff Auth: True
2018-06-28 15:37:35,178 - stdout - INFO - (write) 'Auto takeoff'
2018-06-28 15:37:35,178 - rocky.ctrl - INFO - Auto takeoff
2018-06-28 15:37:40,185 - stdout - INFO - (write) 'Position control'
2018-06-28 15:37:40,186 - rocky.ctrl - INFO - Position control
2018-06-28 15:37:40,188 - stdout - INFO - (write) 'Requires authorization for: Move Up [y/n] '
2018-06-28 15:37:41,786 - stdin - INFO - (readline) 'y\n'
2018-06-28 15:37:41,786 - rocky.ctrl - INFO - ATP: Move Up Auth: True
2018-06-28 15:37:53,328 - rocky.nav - INFO - vnav expected 500.813934326 actual 500.319091797 (0.494842529297 < 0.5 m)
2018-06-28 15:37:53,330 - stdout - INFO - (write) 'Press enter to stop\n'
2018-06-28 15:37:53,333 - stdout - INFO - (write) 'Approach'
2018-06-28 15:37:53,434 - stdout - INFO - (write) 'Retreat'
2018-06-28 15:37:56,851 - stdout - INFO - (write) 'Rotate'
2018-06-28 15:38:01,367 - stdout - INFO - (write) 'Approach'
2018-06-28 15:38:05,190 - stdout - INFO - (write) 'Retreat'
2018-06-28 15:38:06,900 - stdout - INFO - (write) 'Rotate'
2018-06-28 15:38:11,328 - stdout - INFO - (write) 'Approach'
2018-06-28 15:38:15,651 - stdout - INFO - (write) 'Retreat'
2018-06-28 15:38:17,266 - stdout - INFO - (write) 'Rotate'
2018-06-28 15:38:21,565 - stdout - INFO - (write) 'Approach'
2018-06-28 15:38:25,587 - stdout - INFO - (write) 'Retreat'
2018-06-28 15:38:27,296 - stdout - INFO - (write) 'Rotate'
2018-06-28 15:38:31,600 - stdout - INFO - (write) 'Approach'
2018-06-28 15:38:35,923 - stdout - INFO - (write) 'Retreat'
2018-06-28 15:38:37,536 - stdout - INFO - (write) 'Rotate'
2018-06-28 15:38:41,843 - stdout - INFO - (write) 'Approach'
2018-06-28 15:38:43,347 - stdin - INFO - (readline) '\n'
2018-06-28 15:38:43,352 - stdout - INFO - (write) 'RTL'
2018-06-28 15:38:43,353 - rocky.ctrl - INFO - RTL
2018-06-28 15:38:43,355 - rocky - INFO - Vehicle is shutting down.
2018-06-28 15:38:43,357 - rocky.fence - INFO - Thread FenceCheck stopping.
2018-06-28 15:38:43,357 - stdout - INFO - (write) '----------------------------------------'
2018-06-28 15:38:43,357 - rocky - INFO - Shutdown complete.
2018-06-28 15:38:43,357 - stdout - INFO - (write) 'Exception happened during processing of request from'
