2018-06-28 15:43:39,757 - rocky.fence - INFO - Thread FenceCheck starting
2018-06-28 15:43:39,757 - rocky.comms - INFO - Subscribing to the following telemetry: ['/Airliner/CNTL/VehicleGlobalPosition/Lat', '/Airliner/CNTL/VehicleGlobalPosition/Alt', '/Airliner/CNTL/VehicleGlobalPosition/Lon']
2018-06-28 15:43:39,758 - rocky.comms - INFO - Subscribing to the following telemetry: ['/Airliner/CNTL/VehicleGlobalPosition/VelN', '/Airliner/CNTL/VehicleGlobalPosition/Alt', '/Airliner/CNTL/VehicleGlobalPosition/VelD', '/Airliner/CNTL/VehicleGlobalPosition/Lon', '/Airliner/CNTL/VehicleGlobalPosition/VelE', '/Airliner/CNTL/VehicleGlobalPosition/Lat', '/Airliner/CNTL/VehicleGlobalPosition/Yaw']
2018-06-28 15:43:40,759 - stdout - INFO - (write) 'Waiting for telemetry downlink...'
2018-06-28 15:43:40,759 - stdout - INFO - (write) 'Requires authorization for: Arm [y/n] '
2018-06-28 15:43:45,463 - stdin - INFO - (readline) 'y\n'
2018-06-28 15:43:45,464 - rocky.ctrl - INFO - ATP: Arm Auth: True
2018-06-28 15:43:45,465 - stdout - INFO - (write) 'Arming vehicle'
2018-06-28 15:43:45,465 - rocky.ctrl - INFO - Arming vehicle
2018-06-28 15:43:45,469 - stdout - INFO - (write) 'Requires authorization for: Takeoff [y/n] '
2018-06-28 15:43:46,615 - stdin - INFO - (readline) 'y\n'
2018-06-28 15:43:46,616 - rocky.ctrl - INFO - ATP: Takeoff Auth: True
2018-06-28 15:43:46,616 - stdout - INFO - (write) 'Auto takeoff'
2018-06-28 15:43:46,616 - rocky.ctrl - INFO - Auto takeoff
2018-06-28 15:43:51,624 - stdout - INFO - (write) 'Position control'
2018-06-28 15:43:51,624 - rocky.ctrl - INFO - Position control
2018-06-28 15:43:51,627 - stdout - INFO - (write) 'Requires authorization for: Start Spiral [y/n] '
2018-06-28 15:43:53,452 - stdin - INFO - (readline) 'y\n'
2018-06-28 15:43:53,452 - rocky.ctrl - INFO - ATP: Start Spiral Auth: True
2018-06-28 15:44:05,478 - stdout - INFO - (write) 'Requires authorization for: Return [y/n] '
2018-06-28 15:44:13,872 - stdin - INFO - (readline) 'y\n'
2018-06-28 15:44:13,872 - rocky.ctrl - INFO - ATP: Return Auth: True
2018-06-28 15:44:13,872 - stdout - INFO - (write) 'RTL'
2018-06-28 15:44:13,872 - rocky.ctrl - INFO - RTL
2018-06-28 15:44:13,874 - rocky - INFO - Vehicle is shutting down.
2018-06-28 15:44:13,875 - rocky.fence - INFO - Thread FenceCheck stopping.
2018-06-28 15:44:13,875 - rocky - INFO - Shutdown complete.
