2018-06-28 15:35:09,834 - rocky.fence - INFO - Thread FenceCheck starting
2018-06-28 15:35:09,834 - rocky.comms - INFO - Subscribing to the following telemetry: ['/Airliner/CNTL/VehicleGlobalPosition/Lat', '/Airliner/CNTL/VehicleGlobalPosition/Alt', '/Airliner/CNTL/VehicleGlobalPosition/Lon']
2018-06-28 15:35:09,834 - rocky.comms - INFO - Subscribing to the following telemetry: ['/Airliner/CNTL/VehicleGlobalPosition/VelN', '/Airliner/CNTL/VehicleGlobalPosition/Alt', '/Airliner/CNTL/VehicleGlobalPosition/VelD', '/Airliner/CNTL/VehicleGlobalPosition/Lon', '/Airliner/CNTL/VehicleGlobalPosition/VelE', '/Airliner/CNTL/VehicleGlobalPosition/Lat', '/Airliner/CNTL/VehicleGlobalPosition/Yaw']
2018-06-28 15:35:10,836 - stdout - INFO - (write) 'Waiting for telemetry downlink...'
2018-06-28 15:35:10,836 - stdout - INFO - (write) 'Requires authorization for: Arm [y/n] '
2018-06-28 15:35:12,352 - stdin - INFO - (readline) 'y\n'
2018-06-28 15:35:12,353 - rocky.ctrl - INFO - ATP: Arm Auth: True
2018-06-28 15:35:12,353 - stdout - INFO - (write) 'Arming vehicle'
2018-06-28 15:35:12,354 - rocky.ctrl - INFO - Arming vehicle
2018-06-28 15:35:12,362 - stdout - INFO - (write) 'Requires authorization for: Takeoff [y/n] '
2018-06-28 15:35:14,016 - stdin - INFO - (readline) 'y\n'
2018-06-28 15:35:14,017 - rocky.ctrl - INFO - ATP: Takeoff Auth: True
2018-06-28 15:35:14,017 - stdout - INFO - (write) 'Auto takeoff'
2018-06-28 15:35:14,017 - rocky.ctrl - INFO - Auto takeoff
2018-06-28 15:35:19,023 - stdout - INFO - (write) 'Requires authorization for: Goto [y/n] '
2018-06-28 15:35:20,136 - stdin - INFO - (readline) 'y\n'
2018-06-28 15:35:20,136 - rocky.ctrl - INFO - ATP: Goto Auth: True
2018-06-28 15:35:33,069 - rocky.nav - INFO - goto expected Waypoint(47.3977275785, 8.54582596614, 500.775299072, 139.326624653) actual Waypoint(47.3977276505, 8.545813597, 500.710906982, 139.421427678) (0.933777461484 < 1 m)
2018-06-28 15:35:52,710 - rocky.nav - INFO - goto expected Waypoint(47.3977275773, 8.54529609297, 500.775299072, 139.326624653) actual Waypoint(47.3977275382, 8.54530921567, 500.715209961, 139.308989104) (0.990639355985 < 1 m)
2018-06-28 15:35:52,710 - stdout - INFO - (write) 'Requires authorization for: Return [y/n] '
2018-06-28 15:35:54,970 - stdin - INFO - (readline) 'y\n'
2018-06-28 15:35:54,970 - rocky.ctrl - INFO - ATP: Return Auth: True
2018-06-28 15:35:54,971 - stdout - INFO - (write) 'RTL'
2018-06-28 15:35:54,971 - rocky.ctrl - INFO - RTL
2018-06-28 15:35:54,974 - rocky - INFO - Vehicle is shutting down.
2018-06-28 15:35:54,974 - rocky.fence - INFO - Thread FenceCheck stopping.
2018-06-28 15:35:54,974 - rocky - INFO - Shutdown complete.
