2018-06-28 15:22:02,258 - rocky.fence - INFO - Thread FenceCheck starting
2018-06-28 15:22:02,258 - rocky.comms - INFO - Subscribing to the following telemetry: ['/Airliner/CNTL/VehicleGlobalPosition/Lat', '/Airliner/CNTL/VehicleGlobalPosition/Alt', '/Airliner/CNTL/VehicleGlobalPosition/Lon']
2018-06-28 15:22:02,259 - rocky.comms - INFO - Subscribing to the following telemetry: ['/Airliner/CNTL/VehicleGlobalPosition/VelN', '/Airliner/CNTL/VehicleGlobalPosition/Alt', '/Airliner/CNTL/VehicleGlobalPosition/VelD', '/Airliner/CNTL/VehicleGlobalPosition/Lon', '/Airliner/CNTL/VehicleGlobalPosition/VelE', '/Airliner/CNTL/VehicleGlobalPosition/Lat', '/Airliner/CNTL/VehicleGlobalPosition/Yaw']
2018-06-28 15:22:03,260 - stdout - INFO - (write) 'Waiting for telemetry downlink...'
2018-06-28 15:22:03,261 - stdout - INFO - (write) 'Requires authorization for: Arm [y/n] '
2018-06-28 15:22:05,054 - stdin - INFO - (readline) 'y\n'
2018-06-28 15:22:05,054 - rocky.ctrl - INFO - ATP: Arm Auth: True
2018-06-28 15:22:05,054 - stdout - INFO - (write) 'Arming vehicle'
2018-06-28 15:22:05,054 - rocky.ctrl - INFO - Arming vehicle
2018-06-28 15:22:05,063 - stdout - INFO - (write) 'Requires authorization for: Takeoff [y/n] '
2018-06-28 15:22:05,966 - stdin - INFO - (readline) 'y\n'
2018-06-28 15:22:05,966 - rocky.ctrl - INFO - ATP: Takeoff Auth: True
2018-06-28 15:22:05,966 - stdout - INFO - (write) 'Auto takeoff'
2018-06-28 15:22:05,966 - rocky.ctrl - INFO - Auto takeoff
2018-06-28 15:22:10,973 - stdout - INFO - (write) 'Position control'
2018-06-28 15:22:10,973 - rocky.ctrl - INFO - Position control
2018-06-28 15:22:10,975 - stdout - INFO - (write) 'Requires authorization for: Move Up [y/n] '
2018-06-28 15:22:12,678 - stdin - INFO - (readline) 'y\n'
2018-06-28 15:22:12,678 - rocky.ctrl - INFO - ATP: Move Up Auth: True
2018-06-28 15:22:24,097 - rocky.nav - INFO - vnav expected 500.83291626 actual 500.334472656 (0.498443603516 < 0.5 m)
2018-06-28 15:22:24,099 - stdout - INFO - (write) 'Requires authorization for: Vertical Right [y/n] '
2018-06-28 15:22:25,598 - stdin - INFO - (readline) 'y\n'
2018-06-28 15:22:25,599 - rocky.ctrl - INFO - ATP: Vertical Right Auth: True
2018-06-28 15:22:51,080 - rocky.nav - INFO - vnav expected 505.389099121 actual 504.889678955 (0.499420166016 < 0.5 m)
2018-06-28 15:22:55,247 - rocky.nav - INFO - lnav expected 5 actual 4.26509300827 (0.734906991732 < 0.75 m)
2018-06-28 15:23:18,937 - rocky.nav - INFO - vnav expected 499.887512207 actual 500.387207031 (0.499694824219 < 0.5 m)
2018-06-28 15:23:23,122 - rocky.nav - INFO - lnav expected 5 actual 4.25957563929 (0.740424360705 < 0.75 m)
2018-06-28 15:23:23,122 - stdout - INFO - (write) 'Requires authorization for: Vertical Left [y/n] '
2018-06-28 15:23:31,663 - stdin - INFO - (readline) 'y\n'
2018-06-28 15:23:31,663 - rocky.ctrl - INFO - ATP: Vertical Left Auth: True
2018-06-28 15:23:44,302 - rocky.nav - INFO - vnav expected 505.386474609 actual 504.890197754 (0.496276855469 < 0.5 m)
2018-06-28 15:23:48,479 - rocky.nav - INFO - lnav expected 5 actual 4.27948805531 (0.720511944693 < 0.75 m)
2018-06-28 15:25:17,240 - rocky.nav - INFO - vnav expected 499.877075195 actual 500.372619629 (0.495544433594 < 0.5 m)
2018-06-28 15:25:21,216 - rocky.nav - INFO - lnav expected 5 actual 4.2535676082 (0.746432391805 < 0.75 m)
2018-06-28 15:25:21,217 - stdout - INFO - (write) 'Requires authorization for: Return [y/n] '
2018-06-28 15:25:22,968 - stdin - INFO - (readline) 'y\n'
2018-06-28 15:25:22,968 - rocky.ctrl - INFO - ATP: Return Auth: True
2018-06-28 15:25:22,969 - stdout - INFO - (write) 'RTL'
2018-06-28 15:25:22,969 - rocky.ctrl - INFO - RTL
2018-06-28 15:25:22,972 - rocky - INFO - Vehicle is shutting down.
2018-06-28 15:25:22,972 - rocky.fence - INFO - Thread FenceCheck stopping.
2018-06-28 15:25:22,972 - rocky - INFO - Shutdown complete.
