
*** Running vivado
    with args -log zusys_xbar_0.vds -m64 -product Vivado -mode batch -messageDb vivado.pb -notrace -source zusys_xbar_0.tcl


****** Vivado v2019.2 (64-bit)
  **** SW Build 2708876 on Wed Nov  6 21:40:23 MST 2019
  **** IP Build 2700528 on Thu Nov  7 00:09:20 MST 2019
    ** Copyright 1986-2019 Xilinx, Inc. All Rights Reserved.

source zusys_xbar_0.tcl -notrace
INFO: [IP_Flow 19-234] Refreshing IP repositories
INFO: [IP_Flow 19-1700] Loaded user IP repository 'c:/TE0820/ip_repo/WHL_PWM_Core_1.0'.
INFO: [IP_Flow 19-1700] Loaded user IP repository 'c:/TE0820/ip_lib'.
INFO: [IP_Flow 19-2313] Loaded Vivado IP repository 'C:/Xilinx/Vivado/2019.2/data/ip'.
Command: synth_design -top zusys_xbar_0 -part xczu2cg-sfvc784-1-i -mode out_of_context
Starting synth_design
Attempting to get a license for feature 'Synthesis' and/or device 'xczu2cg'
INFO: [Common 17-349] Got license for feature 'Synthesis' and/or device 'xczu2cg'
INFO: [Device 21-403] Loading part xczu2cg-sfvc784-1-i
INFO: Launching helper process for spawning children vivado processes
INFO: Helper process launched with PID 1564 
---------------------------------------------------------------------------------
Starting RTL Elaboration : Time (s): cpu = 00:00:06 ; elapsed = 00:00:06 . Memory (MB): peak = 1449.074 ; gain = 55.234
---------------------------------------------------------------------------------
INFO: [Synth 8-6157] synthesizing module 'zusys_xbar_0' [c:/TE0820/vivado/TE0820.srcs/sources_1/bd/zusys/ip/zusys_xbar_0/synth/zusys_xbar_0.v:60]
INFO: [Synth 8-6157] synthesizing module 'axi_crossbar_v2_1_21_axi_crossbar' [c:/TE0820/vivado/TE0820.srcs/sources_1/bd/zusys/ipshared/6b0d/hdl/axi_crossbar_v2_1_vl_rfs.v:4884]
	Parameter C_FAMILY bound to: zynquplus - type: string 
	Parameter C_NUM_SLAVE_SLOTS bound to: 3 - type: integer 
	Parameter C_NUM_MASTER_SLOTS bound to: 7 - type: integer 
	Parameter C_AXI_ID_WIDTH bound to: 2 - type: integer 
	Parameter C_AXI_ADDR_WIDTH bound to: 40 - type: integer 
	Parameter C_AXI_DATA_WIDTH bound to: 128 - type: integer 
	Parameter C_AXI_PROTOCOL bound to: 0 - type: integer 
	Parameter C_NUM_ADDR_RANGES bound to: 2 - type: integer 
	Parameter C_M_AXI_BASE_ADDR bound to: 896'b11111111111111111111111111111111111111111111111111111111111111111111111111111111111111111111111111111111111111111111111111111111111111111111111111111111111111111111111111111111111111111111111111111111111111111111111111111111111111111111111111111111111111111111111111111111111111111111111111111111111111111111111111111111111111111111111111111111111111111111111111111111111111111111111111111111111111111111111111111111111111111111111111111111111111110000000000000000000000000000000010000000000000100000000000000000000000000000000000000000000000001100000000000000000000000000000000000000000000000000000000000000000000000000000000000000000000001111111111111111111111111111111111111111111111111111111111111111000000000000000000000000000000001000000000000001000000000000000011111111111111111111111111111111111111111111111111111111111111110000000000000000000000000000000010000000000000000000000000000000 
	Parameter C_M_AXI_ADDR_WIDTH bound to: 448'b0000000000000000000000000000000000000000000000000000000000000000000000000000000000000000000000000000000000000000000000000000000000000000000000000000000000000000000000000000000000000000000000000000000000000000000000000000000000000000000000000000000000001100000000000000000000000000000111100000000000000000000000000001111100000000000000000000000000000000000000000000000000000000000100000000000000000000000000000000000000000000000000000000000000010000 
	Parameter C_S_AXI_BASE_ID bound to: 96'b000000000000000000000000000000100000000000000000000000000000000100000000000000000000000000000000 
	Parameter C_S_AXI_THREAD_ID_WIDTH bound to: 96'b000000000000000000000000000000000000000000000000000000000000000000000000000000000000000000000000 
	Parameter C_AXI_SUPPORTS_USER_SIGNALS bound to: 0 - type: integer 
	Parameter C_AXI_AWUSER_WIDTH bound to: 1 - type: integer 
	Parameter C_AXI_ARUSER_WIDTH bound to: 1 - type: integer 
	Parameter C_AXI_WUSER_WIDTH bound to: 1 - type: integer 
	Parameter C_AXI_RUSER_WIDTH bound to: 1 - type: integer 
	Parameter C_AXI_BUSER_WIDTH bound to: 1 - type: integer 
	Parameter C_M_AXI_WRITE_CONNECTIVITY bound to: 224'b00000000000000000000000000000011000000000000000000000000000000110000000000000000000000000000001100000000000000000000000000000011000000000000000000000000000000100000000000000000000000000000001100000000000000000000000000000011 
	Parameter C_M_AXI_READ_CONNECTIVITY bound to: 224'b00000000000000000000000000000111000000000000000000000000000001110000000000000000000000000000011100000000000000000000000000000111000000000000000000000000000001100000000000000000000000000000011100000000000000000000000000000111 
	Parameter C_R_REGISTER bound to: 1 - type: integer 
	Parameter C_S_AXI_SINGLE_THREAD bound to: 96'b000000000000000000000000000000000000000000000000000000000000000100000000000000000000000000000001 
	Parameter C_S_AXI_WRITE_ACCEPTANCE bound to: 96'b000000000000000000000000000000010000000000000000000000000000000100000000000000000000000000000001 
	Parameter C_S_AXI_READ_ACCEPTANCE bound to: 96'b000000000000000000000000000000010000000000000000000000000000000100000000000000000000000000000001 
	Parameter C_M_AXI_WRITE_ISSUING bound to: 224'b00000000000000000000000000000001000000000000000000000000000000010000000000000000000000000000000100000000000000000000000000000001000000000000000000000000000000010000000000000000000000000000000100000000000000000000000000000001 
	Parameter C_M_AXI_READ_ISSUING bound to: 224'b00000000000000000000000000000001000000000000000000000000000000010000000000000000000000000000000100000000000000000000000000000001000000000000000000000000000000010000000000000000000000000000000100000000000000000000000000000001 
	Parameter C_S_AXI_ARB_PRIORITY bound to: 96'b000000000000000000000000000000000000000000000000000000000000000000000000000000000000000000000000 
	Parameter C_M_AXI_SECURE bound to: 224'b00000000000000000000000000000000000000000000000000000000000000000000000000000000000000000000000000000000000000000000000000000000000000000000000000000000000000000000000000000000000000000000000000000000000000000000000000000000 
	Parameter C_CONNECTIVITY_MODE bound to: 0 - type: integer 
	Parameter P_ONES bound to: 65'b11111111111111111111111111111111111111111111111111111111111111111 
	Parameter P_S_AXI_BASE_ID bound to: 192'b000000000000000000000000000000000000000000000000000000000000001000000000000000000000000000000000000000000000000000000000000000010000000000000000000000000000000000000000000000000000000000000000 
	Parameter P_S_AXI_HIGH_ID bound to: 192'b000000000000000000000000000000000000000000000000000000000000001000000000000000000000000000000000000000000000000000000000000000010000000000000000000000000000000000000000000000000000000000000000 
	Parameter P_AXI4 bound to: 0 - type: integer 
	Parameter P_AXI3 bound to: 1 - type: integer 
	Parameter P_AXILITE bound to: 2 - type: integer 
	Parameter P_AXILITE_SIZE bound to: 3'b010 
	Parameter P_INCR bound to: 2'b01 
	Parameter P_M_AXI_SUPPORTS_WRITE bound to: 7'b1111111 
	Parameter P_M_AXI_SUPPORTS_READ bound to: 7'b1111111 
	Parameter P_S_AXI_SUPPORTS_WRITE bound to: 3'b011 
	Parameter P_S_AXI_SUPPORTS_READ bound to: 3'b111 
	Parameter C_DEBUG bound to: 1 - type: integer 
	Parameter P_RANGE_CHECK bound to: 1 - type: integer 
	Parameter P_ADDR_DECODE bound to: 1 - type: integer 
	Parameter P_M_AXI_ERR_MODE bound to: 224'b00000000000000000000000000000000000000000000000000000000000000000000000000000000000000000000000000000000000000000000000000000000000000000000000000000000000000000000000000000000000000000000000000000000000000000000000000000000 
	Parameter P_LEN bound to: 8 - type: integer 
	Parameter P_LOCK bound to: 1 - type: integer 
	Parameter P_FAMILY bound to: rtl - type: string 
INFO: [Synth 8-6157] synthesizing module 'axi_crossbar_v2_1_21_crossbar_sasd' [c:/TE0820/vivado/TE0820.srcs/sources_1/bd/zusys/ipshared/6b0d/hdl/axi_crossbar_v2_1_vl_rfs.v:1240]
	Parameter C_FAMILY bound to: rtl - type: string 
	Parameter C_NUM_SLAVE_SLOTS bound to: 3 - type: integer 
	Parameter C_NUM_MASTER_SLOTS bound to: 7 - type: integer 
	Parameter C_NUM_ADDR_RANGES bound to: 2 - type: integer 
	Parameter C_AXI_ID_WIDTH bound to: 2 - type: integer 
	Parameter C_AXI_ADDR_WIDTH bound to: 40 - type: integer 
	Parameter C_AXI_DATA_WIDTH bound to: 128 - type: integer 
	Parameter C_AXI_PROTOCOL bound to: 0 - type: integer 
	Parameter C_M_AXI_BASE_ADDR bound to: 896'b11111111111111111111111111111111111111111111111111111111111111111111111111111111111111111111111111111111111111111111111111111111111111111111111111111111111111111111111111111111111111111111111111111111111111111111111111111111111111111111111111111111111111111111111111111111111111111111111111111111111111111111111111111111111111111111111111111111111111111111111111111111111111111111111111111111111111111111111111111111111111111111111111111111111111110000000000000000000000000000000010000000000000100000000000000000000000000000000000000000000000001100000000000000000000000000000000000000000000000000000000000000000000000000000000000000000000001111111111111111111111111111111111111111111111111111111111111111000000000000000000000000000000001000000000000001000000000000000011111111111111111111111111111111111111111111111111111111111111110000000000000000000000000000000010000000000000000000000000000000 
	Parameter C_M_AXI_HIGH_ADDR bound to: 896'b00000000000000000000000000000000000000000000000000000000000000000000000000000000000000000000000000000000000000000000000000000000000000000000000000000000000000000000000000000000000000000000000000000000000000000000000000000000000000000000000000000000000000000000000000000000000000000000000000000000000000000000000000000000000000000000000000000000000000000000000000000000000000000000000000000000000000000000000000000000000000000000000000000000000000000000000000000000000000000000000010000000000000100000111111111111000000000000000000000000000000001111111111111111111111111111111100000000000000000000000000000000011111111111111111111111111111110000000000000000000000000000000000000000000000000000000000000000000000000000000000000000000000001000000000000001111111111111111100000000000000000000000000000000000000000000000000000000000000000000000000000000000000000000000010000000000000001111111111111111 
	Parameter C_S_AXI_BASE_ID bound to: 192'b000000000000000000000000000000000000000000000000000000000000001000000000000000000000000000000000000000000000000000000000000000010000000000000000000000000000000000000000000000000000000000000000 
	Parameter C_S_AXI_HIGH_ID bound to: 192'b000000000000000000000000000000000000000000000000000000000000001000000000000000000000000000000000000000000000000000000000000000010000000000000000000000000000000000000000000000000000000000000000 
	Parameter C_AXI_SUPPORTS_USER_SIGNALS bound to: 0 - type: integer 
	Parameter C_AXI_AWUSER_WIDTH bound to: 1 - type: integer 
	Parameter C_AXI_ARUSER_WIDTH bound to: 1 - type: integer 
	Parameter C_AXI_WUSER_WIDTH bound to: 1 - type: integer 
	Parameter C_AXI_RUSER_WIDTH bound to: 1 - type: integer 
	Parameter C_AXI_BUSER_WIDTH bound to: 1 - type: integer 
	Parameter C_S_AXI_SUPPORTS_WRITE bound to: 3'b011 
	Parameter C_S_AXI_SUPPORTS_READ bound to: 3'b111 
	Parameter C_M_AXI_SUPPORTS_WRITE bound to: 7'b1111111 
	Parameter C_M_AXI_SUPPORTS_READ bound to: 7'b1111111 
	Parameter C_S_AXI_ARB_PRIORITY bound to: 96'b000000000000000000000000000000000000000000000000000000000000000000000000000000000000000000000000 
	Parameter C_M_AXI_SECURE bound to: 224'b00000000000000000000000000000000000000000000000000000000000000000000000000000000000000000000000000000000000000000000000000000000000000000000000000000000000000000000000000000000000000000000000000000000000000000000000000000000 
	Parameter C_M_AXI_ERR_MODE bound to: 224'b00000000000000000000000000000000000000000000000000000000000000000000000000000000000000000000000000000000000000000000000000000000000000000000000000000000000000000000000000000000000000000000000000000000000000000000000000000000 
	Parameter C_R_REGISTER bound to: 1 - type: integer 
	Parameter C_RANGE_CHECK bound to: 1 - type: integer 
	Parameter C_ADDR_DECODE bound to: 1 - type: integer 
	Parameter C_DEBUG bound to: 1 - type: integer 
	Parameter P_AXI4 bound to: 0 - type: integer 
	Parameter P_AXI3 bound to: 1 - type: integer 
	Parameter P_AXILITE bound to: 2 - type: integer 
	Parameter P_NUM_MASTER_SLOTS_DE bound to: 8 - type: integer 
	Parameter P_NUM_MASTER_SLOTS_LOG bound to: 3 - type: integer 
	Parameter P_NUM_MASTER_SLOTS_DE_LOG bound to: 3 - type: integer 
	Parameter P_NUM_SLAVE_SLOTS_LOG bound to: 2 - type: integer 
	Parameter P_AXI_AUSER_WIDTH bound to: 1 - type: integer 
	Parameter P_AXI_WID_WIDTH bound to: 1 - type: integer 
	Parameter P_AMESG_WIDTH bound to: 73 - type: integer 
	Parameter P_BMESG_WIDTH bound to: 3 - type: integer 
	Parameter P_RMESG_WIDTH bound to: 132 - type: integer 
	Parameter P_WMESG_WIDTH bound to: 147 - type: integer 
	Parameter P_AXILITE_ERRMODE bound to: 1 - type: integer 
	Parameter P_NONSECURE_BIT bound to: 1 - type: integer 
	Parameter P_M_SECURE_MASK bound to: 7'b0000000 
	Parameter P_M_AXILITE_MASK bound to: 7'b0000000 
	Parameter P_FIXED bound to: 2'b00 
	Parameter P_BYPASS bound to: 0 - type: integer 
	Parameter P_LIGHTWT bound to: 7 - type: integer 
	Parameter P_FULLY_REG bound to: 1 - type: integer 
	Parameter P_R_REG_CONFIG bound to: 1 - type: integer 
	Parameter P_DECERR bound to: 2'b11 
INFO: [Synth 8-6157] synthesizing module 'axi_crossbar_v2_1_21_addr_decoder' [c:/TE0820/vivado/TE0820.srcs/sources_1/bd/zusys/ipshared/6b0d/hdl/axi_crossbar_v2_1_vl_rfs.v:794]
	Parameter C_FAMILY bound to: rtl - type: string 
	Parameter C_NUM_TARGETS bound to: 7 - type: integer 
	Parameter C_NUM_TARGETS_LOG bound to: 3 - type: integer 
	Parameter C_NUM_RANGES bound to: 2 - type: integer 
	Parameter C_ADDR_WIDTH bound to: 40 - type: integer 
	Parameter C_TARGET_ENC bound to: 1 - type: integer 
	Parameter C_TARGET_HOT bound to: 1 - type: integer 
	Parameter C_REGION_ENC bound to: 1 - type: integer 
	Parameter C_BASE_ADDR bound to: 896'b11111111111111111111111111111111111111111111111111111111111111111111111111111111111111111111111111111111111111111111111111111111111111111111111111111111111111111111111111111111111111111111111111111111111111111111111111111111111111111111111111111111111111111111111111111111111111111111111111111111111111111111111111111111111111111111111111111111111111111111111111111111111111111111111111111111111111111111111111111111111111111111111111111111111111110000000000000000000000000000000010000000000000100000000000000000000000000000000000000000000000001100000000000000000000000000000000000000000000000000000000000000000000000000000000000000000000001111111111111111111111111111111111111111111111111111111111111111000000000000000000000000000000001000000000000001000000000000000011111111111111111111111111111111111111111111111111111111111111110000000000000000000000000000000010000000000000000000000000000000 
	Parameter C_HIGH_ADDR bound to: 896'b00000000000000000000000000000000000000000000000000000000000000000000000000000000000000000000000000000000000000000000000000000000000000000000000000000000000000000000000000000000000000000000000000000000000000000000000000000000000000000000000000000000000000000000000000000000000000000000000000000000000000000000000000000000000000000000000000000000000000000000000000000000000000000000000000000000000000000000000000000000000000000000000000000000000000000000000000000000000000000000000010000000000000100000111111111111000000000000000000000000000000001111111111111111111111111111111100000000000000000000000000000000011111111111111111111111111111110000000000000000000000000000000000000000000000000000000000000000000000000000000000000000000000001000000000000001111111111111111100000000000000000000000000000000000000000000000000000000000000000000000000000000000000000000000010000000000000001111111111111111 
	Parameter C_TARGET_QUAL bound to: 8'b01111111 
	Parameter C_RESOLUTION bound to: 2 - type: integer 
	Parameter C_COMPARATOR_THRESHOLD bound to: 6 - type: integer 
INFO: [Synth 8-6157] synthesizing module 'generic_baseblocks_v2_1_0_comparator_static' [c:/TE0820/vivado/TE0820.srcs/sources_1/bd/zusys/ipshared/b752/hdl/generic_baseblocks_v2_1_vl_rfs.v:2133]
	Parameter C_FAMILY bound to: rtl - type: string 
	Parameter C_VALUE bound to: 38'b00000000100000000000000000000000000000 
	Parameter C_DATA_WIDTH bound to: 38 - type: integer 
	Parameter C_BITS_PER_LUT bound to: 6 - type: integer 
	Parameter C_NUM_LUT bound to: 7 - type: integer 
	Parameter C_FIX_DATA_WIDTH bound to: 42 - type: integer 
INFO: [Synth 8-6157] synthesizing module 'generic_baseblocks_v2_1_0_carry_and' [c:/TE0820/vivado/TE0820.srcs/sources_1/bd/zusys/ipshared/b752/hdl/generic_baseblocks_v2_1_vl_rfs.v:62]
	Parameter C_FAMILY bound to: rtl - type: string 
INFO: [Synth 8-6155] done synthesizing module 'generic_baseblocks_v2_1_0_carry_and' (1#1) [c:/TE0820/vivado/TE0820.srcs/sources_1/bd/zusys/ipshared/b752/hdl/generic_baseblocks_v2_1_vl_rfs.v:62]
INFO: [Synth 8-6155] done synthesizing module 'generic_baseblocks_v2_1_0_comparator_static' (2#1) [c:/TE0820/vivado/TE0820.srcs/sources_1/bd/zusys/ipshared/b752/hdl/generic_baseblocks_v2_1_vl_rfs.v:2133]
INFO: [Synth 8-6157] synthesizing module 'generic_baseblocks_v2_1_0_comparator_static__parameterized0' [c:/TE0820/vivado/TE0820.srcs/sources_1/bd/zusys/ipshared/b752/hdl/generic_baseblocks_v2_1_vl_rfs.v:2133]
	Parameter C_FAMILY bound to: rtl - type: string 
	Parameter C_VALUE bound to: 38'b00000000100000000000000100000000000000 
	Parameter C_DATA_WIDTH bound to: 38 - type: integer 
	Parameter C_BITS_PER_LUT bound to: 6 - type: integer 
	Parameter C_NUM_LUT bound to: 7 - type: integer 
	Parameter C_FIX_DATA_WIDTH bound to: 42 - type: integer 
INFO: [Synth 8-6155] done synthesizing module 'generic_baseblocks_v2_1_0_comparator_static__parameterized0' (2#1) [c:/TE0820/vivado/TE0820.srcs/sources_1/bd/zusys/ipshared/b752/hdl/generic_baseblocks_v2_1_vl_rfs.v:2133]
INFO: [Synth 8-6157] synthesizing module 'generic_baseblocks_v2_1_0_comparator_static__parameterized1' [c:/TE0820/vivado/TE0820.srcs/sources_1/bd/zusys/ipshared/b752/hdl/generic_baseblocks_v2_1_vl_rfs.v:2133]
	Parameter C_FAMILY bound to: rtl - type: string 
	Parameter C_VALUE bound to: 38'b00000000000000000000000000000000000000 
	Parameter C_DATA_WIDTH bound to: 38 - type: integer 
	Parameter C_BITS_PER_LUT bound to: 6 - type: integer 
	Parameter C_NUM_LUT bound to: 7 - type: integer 
	Parameter C_FIX_DATA_WIDTH bound to: 42 - type: integer 
INFO: [Synth 8-6155] done synthesizing module 'generic_baseblocks_v2_1_0_comparator_static__parameterized1' (2#1) [c:/TE0820/vivado/TE0820.srcs/sources_1/bd/zusys/ipshared/b752/hdl/generic_baseblocks_v2_1_vl_rfs.v:2133]
INFO: [Synth 8-6157] synthesizing module 'generic_baseblocks_v2_1_0_comparator_static__parameterized2' [c:/TE0820/vivado/TE0820.srcs/sources_1/bd/zusys/ipshared/b752/hdl/generic_baseblocks_v2_1_vl_rfs.v:2133]
	Parameter C_FAMILY bound to: rtl - type: string 
	Parameter C_VALUE bound to: 38'b00000000110000000000000000000000000000 
	Parameter C_DATA_WIDTH bound to: 38 - type: integer 
	Parameter C_BITS_PER_LUT bound to: 6 - type: integer 
	Parameter C_NUM_LUT bound to: 7 - type: integer 
	Parameter C_FIX_DATA_WIDTH bound to: 42 - type: integer 
INFO: [Synth 8-6155] done synthesizing module 'generic_baseblocks_v2_1_0_comparator_static__parameterized2' (2#1) [c:/TE0820/vivado/TE0820.srcs/sources_1/bd/zusys/ipshared/b752/hdl/generic_baseblocks_v2_1_vl_rfs.v:2133]
INFO: [Synth 8-6157] synthesizing module 'generic_baseblocks_v2_1_0_comparator_static__parameterized3' [c:/TE0820/vivado/TE0820.srcs/sources_1/bd/zusys/ipshared/b752/hdl/generic_baseblocks_v2_1_vl_rfs.v:2133]
	Parameter C_FAMILY bound to: rtl - type: string 
	Parameter C_VALUE bound to: 38'b00000000100000000000001000000000000000 
	Parameter C_DATA_WIDTH bound to: 38 - type: integer 
	Parameter C_BITS_PER_LUT bound to: 6 - type: integer 
	Parameter C_NUM_LUT bound to: 7 - type: integer 
	Parameter C_FIX_DATA_WIDTH bound to: 42 - type: integer 
INFO: [Synth 8-6155] done synthesizing module 'generic_baseblocks_v2_1_0_comparator_static__parameterized3' (2#1) [c:/TE0820/vivado/TE0820.srcs/sources_1/bd/zusys/ipshared/b752/hdl/generic_baseblocks_v2_1_vl_rfs.v:2133]
INFO: [Synth 8-6155] done synthesizing module 'axi_crossbar_v2_1_21_addr_decoder' (3#1) [c:/TE0820/vivado/TE0820.srcs/sources_1/bd/zusys/ipshared/6b0d/hdl/axi_crossbar_v2_1_vl_rfs.v:794]
INFO: [Synth 8-6157] synthesizing module 'generic_baseblocks_v2_1_0_mux_enc' [c:/TE0820/vivado/TE0820.srcs/sources_1/bd/zusys/ipshared/b752/hdl/generic_baseblocks_v2_1_vl_rfs.v:2452]
	Parameter C_FAMILY bound to: rtl - type: string 
	Parameter C_RATIO bound to: 3 - type: integer 
	Parameter C_SEL_WIDTH bound to: 2 - type: integer 
	Parameter C_DATA_WIDTH bound to: 1 - type: integer 
INFO: [Synth 8-6155] done synthesizing module 'generic_baseblocks_v2_1_0_mux_enc' (4#1) [c:/TE0820/vivado/TE0820.srcs/sources_1/bd/zusys/ipshared/b752/hdl/generic_baseblocks_v2_1_vl_rfs.v:2452]
INFO: [Synth 8-6157] synthesizing module 'generic_baseblocks_v2_1_0_mux_enc__parameterized0' [c:/TE0820/vivado/TE0820.srcs/sources_1/bd/zusys/ipshared/b752/hdl/generic_baseblocks_v2_1_vl_rfs.v:2452]
	Parameter C_FAMILY bound to: rtl - type: string 
	Parameter C_RATIO bound to: 3 - type: integer 
	Parameter C_SEL_WIDTH bound to: 2 - type: integer 
	Parameter C_DATA_WIDTH bound to: 147 - type: integer 
INFO: [Synth 8-6155] done synthesizing module 'generic_baseblocks_v2_1_0_mux_enc__parameterized0' (4#1) [c:/TE0820/vivado/TE0820.srcs/sources_1/bd/zusys/ipshared/b752/hdl/generic_baseblocks_v2_1_vl_rfs.v:2452]
INFO: [Synth 8-6157] synthesizing module 'axi_crossbar_v2_1_21_decerr_slave' [c:/TE0820/vivado/TE0820.srcs/sources_1/bd/zusys/ipshared/6b0d/hdl/axi_crossbar_v2_1_vl_rfs.v:3501]
	Parameter C_AXI_ID_WIDTH bound to: 1 - type: integer 
	Parameter C_AXI_DATA_WIDTH bound to: 128 - type: integer 
	Parameter C_AXI_BUSER_WIDTH bound to: 1 - type: integer 
	Parameter C_AXI_RUSER_WIDTH bound to: 1 - type: integer 
	Parameter C_AXI_PROTOCOL bound to: 0 - type: integer 
	Parameter C_RESP bound to: 3 - type: integer 
	Parameter P_WRITE_IDLE bound to: 2'b00 
	Parameter P_WRITE_DATA bound to: 2'b01 
	Parameter P_WRITE_RESP bound to: 2'b10 
	Parameter P_READ_IDLE bound to: 1'b0 
	Parameter P_READ_DATA bound to: 1'b1 
	Parameter P_AXI4 bound to: 0 - type: integer 
	Parameter P_AXI3 bound to: 1 - type: integer 
	Parameter P_AXILITE bound to: 2 - type: integer 
INFO: [Synth 8-155] case statement is not full and has no default [c:/TE0820/vivado/TE0820.srcs/sources_1/bd/zusys/ipshared/6b0d/hdl/axi_crossbar_v2_1_vl_rfs.v:3633]
INFO: [Synth 8-6155] done synthesizing module 'axi_crossbar_v2_1_21_decerr_slave' (5#1) [c:/TE0820/vivado/TE0820.srcs/sources_1/bd/zusys/ipshared/6b0d/hdl/axi_crossbar_v2_1_vl_rfs.v:3501]
INFO: [Synth 8-6157] synthesizing module 'axi_crossbar_v2_1_21_addr_arbiter_sasd' [c:/TE0820/vivado/TE0820.srcs/sources_1/bd/zusys/ipshared/6b0d/hdl/axi_crossbar_v2_1_vl_rfs.v:65]
	Parameter C_FAMILY bound to: rtl - type: string 
	Parameter C_NUM_S bound to: 3 - type: integer 
	Parameter C_NUM_S_LOG bound to: 2 - type: integer 
	Parameter C_AMESG_WIDTH bound to: 73 - type: integer 
	Parameter C_GRANT_ENC bound to: 1 - type: integer 
	Parameter C_ARB_PRIORITY bound to: 96'b000000000000000000000000000000000000000000000000000000000000000000000000000000000000000000000000 
	Parameter P_PRIO_MASK bound to: 3'b000 
INFO: [Synth 8-6157] synthesizing module 'generic_baseblocks_v2_1_0_mux_enc__parameterized1' [c:/TE0820/vivado/TE0820.srcs/sources_1/bd/zusys/ipshared/b752/hdl/generic_baseblocks_v2_1_vl_rfs.v:2452]
	Parameter C_FAMILY bound to: rtl - type: string 
	Parameter C_RATIO bound to: 3 - type: integer 
	Parameter C_SEL_WIDTH bound to: 2 - type: integer 
	Parameter C_DATA_WIDTH bound to: 73 - type: integer 
INFO: [Synth 8-6155] done synthesizing module 'generic_baseblocks_v2_1_0_mux_enc__parameterized1' (5#1) [c:/TE0820/vivado/TE0820.srcs/sources_1/bd/zusys/ipshared/b752/hdl/generic_baseblocks_v2_1_vl_rfs.v:2452]
INFO: [Synth 8-6155] done synthesizing module 'axi_crossbar_v2_1_21_addr_arbiter_sasd' (6#1) [c:/TE0820/vivado/TE0820.srcs/sources_1/bd/zusys/ipshared/6b0d/hdl/axi_crossbar_v2_1_vl_rfs.v:65]
INFO: [Synth 8-6157] synthesizing module 'axi_crossbar_v2_1_21_splitter' [c:/TE0820/vivado/TE0820.srcs/sources_1/bd/zusys/ipshared/6b0d/hdl/axi_crossbar_v2_1_vl_rfs.v:4461]
	Parameter C_NUM_M bound to: 3 - type: integer 
INFO: [Synth 8-6155] done synthesizing module 'axi_crossbar_v2_1_21_splitter' (7#1) [c:/TE0820/vivado/TE0820.srcs/sources_1/bd/zusys/ipshared/6b0d/hdl/axi_crossbar_v2_1_vl_rfs.v:4461]
INFO: [Synth 8-6157] synthesizing module 'axi_crossbar_v2_1_21_splitter__parameterized0' [c:/TE0820/vivado/TE0820.srcs/sources_1/bd/zusys/ipshared/6b0d/hdl/axi_crossbar_v2_1_vl_rfs.v:4461]
	Parameter C_NUM_M bound to: 2 - type: integer 
INFO: [Synth 8-6155] done synthesizing module 'axi_crossbar_v2_1_21_splitter__parameterized0' (7#1) [c:/TE0820/vivado/TE0820.srcs/sources_1/bd/zusys/ipshared/6b0d/hdl/axi_crossbar_v2_1_vl_rfs.v:4461]
INFO: [Synth 8-6157] synthesizing module 'generic_baseblocks_v2_1_0_mux_enc__parameterized2' [c:/TE0820/vivado/TE0820.srcs/sources_1/bd/zusys/ipshared/b752/hdl/generic_baseblocks_v2_1_vl_rfs.v:2452]
	Parameter C_FAMILY bound to: rtl - type: string 
	Parameter C_RATIO bound to: 8 - type: integer 
	Parameter C_SEL_WIDTH bound to: 3 - type: integer 
	Parameter C_DATA_WIDTH bound to: 1 - type: integer 
INFO: [Synth 8-6155] done synthesizing module 'generic_baseblocks_v2_1_0_mux_enc__parameterized2' (7#1) [c:/TE0820/vivado/TE0820.srcs/sources_1/bd/zusys/ipshared/b752/hdl/generic_baseblocks_v2_1_vl_rfs.v:2452]
INFO: [Synth 8-6157] synthesizing module 'generic_baseblocks_v2_1_0_mux_enc__parameterized3' [c:/TE0820/vivado/TE0820.srcs/sources_1/bd/zusys/ipshared/b752/hdl/generic_baseblocks_v2_1_vl_rfs.v:2452]
	Parameter C_FAMILY bound to: rtl - type: string 
	Parameter C_RATIO bound to: 8 - type: integer 
	Parameter C_SEL_WIDTH bound to: 3 - type: integer 
	Parameter C_DATA_WIDTH bound to: 132 - type: integer 
INFO: [Synth 8-6155] done synthesizing module 'generic_baseblocks_v2_1_0_mux_enc__parameterized3' (7#1) [c:/TE0820/vivado/TE0820.srcs/sources_1/bd/zusys/ipshared/b752/hdl/generic_baseblocks_v2_1_vl_rfs.v:2452]
INFO: [Synth 8-6157] synthesizing module 'axi_register_slice_v2_1_20_axic_register_slice' [c:/TE0820/vivado/TE0820.srcs/sources_1/bd/zusys/ipshared/72d4/hdl/axi_register_slice_v2_1_vl_rfs.v:1476]
	Parameter C_FAMILY bound to: rtl - type: string 
	Parameter C_DATA_WIDTH bound to: 132 - type: integer 
	Parameter C_REG_CONFIG bound to: 1 - type: integer 
INFO: [Synth 8-6155] done synthesizing module 'axi_register_slice_v2_1_20_axic_register_slice' (8#1) [c:/TE0820/vivado/TE0820.srcs/sources_1/bd/zusys/ipshared/72d4/hdl/axi_register_slice_v2_1_vl_rfs.v:1476]
INFO: [Synth 8-6157] synthesizing module 'generic_baseblocks_v2_1_0_mux_enc__parameterized4' [c:/TE0820/vivado/TE0820.srcs/sources_1/bd/zusys/ipshared/b752/hdl/generic_baseblocks_v2_1_vl_rfs.v:2452]
	Parameter C_FAMILY bound to: rtl - type: string 
	Parameter C_RATIO bound to: 8 - type: integer 
	Parameter C_SEL_WIDTH bound to: 3 - type: integer 
	Parameter C_DATA_WIDTH bound to: 3 - type: integer 
INFO: [Synth 8-6155] done synthesizing module 'generic_baseblocks_v2_1_0_mux_enc__parameterized4' (8#1) [c:/TE0820/vivado/TE0820.srcs/sources_1/bd/zusys/ipshared/b752/hdl/generic_baseblocks_v2_1_vl_rfs.v:2452]
WARNING: [Synth 8-6014] Unused sequential element gen_debug_trans_seq.debug_aw_trans_seq_i_reg was removed.  [c:/TE0820/vivado/TE0820.srcs/sources_1/bd/zusys/ipshared/6b0d/hdl/axi_crossbar_v2_1_vl_rfs.v:2056]
WARNING: [Synth 8-6014] Unused sequential element gen_debug_trans_seq.debug_ar_trans_seq_i_reg was removed.  [c:/TE0820/vivado/TE0820.srcs/sources_1/bd/zusys/ipshared/6b0d/hdl/axi_crossbar_v2_1_vl_rfs.v:2067]
WARNING: [Synth 8-6014] Unused sequential element gen_debug_trans_seq.debug_w_beat_cnt_i_reg was removed.  [c:/TE0820/vivado/TE0820.srcs/sources_1/bd/zusys/ipshared/6b0d/hdl/axi_crossbar_v2_1_vl_rfs.v:2078]
WARNING: [Synth 8-6014] Unused sequential element gen_debug_trans_seq.debug_r_beat_cnt_i_reg was removed.  [c:/TE0820/vivado/TE0820.srcs/sources_1/bd/zusys/ipshared/6b0d/hdl/axi_crossbar_v2_1_vl_rfs.v:2091]
INFO: [Synth 8-6155] done synthesizing module 'axi_crossbar_v2_1_21_crossbar_sasd' (9#1) [c:/TE0820/vivado/TE0820.srcs/sources_1/bd/zusys/ipshared/6b0d/hdl/axi_crossbar_v2_1_vl_rfs.v:1240]
INFO: [Synth 8-6155] done synthesizing module 'axi_crossbar_v2_1_21_axi_crossbar' (10#1) [c:/TE0820/vivado/TE0820.srcs/sources_1/bd/zusys/ipshared/6b0d/hdl/axi_crossbar_v2_1_vl_rfs.v:4884]
INFO: [Synth 8-6155] done synthesizing module 'zusys_xbar_0' (11#1) [c:/TE0820/vivado/TE0820.srcs/sources_1/bd/zusys/ip/zusys_xbar_0/synth/zusys_xbar_0.v:60]
WARNING: [Synth 8-3331] design axi_crossbar_v2_1_21_addr_decoder has unconnected port ADDR[1]
WARNING: [Synth 8-3331] design axi_crossbar_v2_1_21_addr_decoder has unconnected port ADDR[0]
WARNING: [Synth 8-3331] design axi_crossbar_v2_1_21_crossbar_sasd has unconnected port S_AXI_AWID[5]
WARNING: [Synth 8-3331] design axi_crossbar_v2_1_21_crossbar_sasd has unconnected port S_AXI_AWID[4]
WARNING: [Synth 8-3331] design axi_crossbar_v2_1_21_crossbar_sasd has unconnected port S_AXI_AWID[3]
WARNING: [Synth 8-3331] design axi_crossbar_v2_1_21_crossbar_sasd has unconnected port S_AXI_AWID[2]
WARNING: [Synth 8-3331] design axi_crossbar_v2_1_21_crossbar_sasd has unconnected port S_AXI_AWID[1]
WARNING: [Synth 8-3331] design axi_crossbar_v2_1_21_crossbar_sasd has unconnected port S_AXI_AWID[0]
WARNING: [Synth 8-3331] design axi_crossbar_v2_1_21_crossbar_sasd has unconnected port S_AXI_WID[5]
WARNING: [Synth 8-3331] design axi_crossbar_v2_1_21_crossbar_sasd has unconnected port S_AXI_WID[4]
WARNING: [Synth 8-3331] design axi_crossbar_v2_1_21_crossbar_sasd has unconnected port S_AXI_WID[3]
WARNING: [Synth 8-3331] design axi_crossbar_v2_1_21_crossbar_sasd has unconnected port S_AXI_WID[2]
WARNING: [Synth 8-3331] design axi_crossbar_v2_1_21_crossbar_sasd has unconnected port S_AXI_WID[1]
WARNING: [Synth 8-3331] design axi_crossbar_v2_1_21_crossbar_sasd has unconnected port S_AXI_WID[0]
WARNING: [Synth 8-3331] design axi_crossbar_v2_1_21_crossbar_sasd has unconnected port S_AXI_ARID[5]
WARNING: [Synth 8-3331] design axi_crossbar_v2_1_21_crossbar_sasd has unconnected port S_AXI_ARID[4]
WARNING: [Synth 8-3331] design axi_crossbar_v2_1_21_crossbar_sasd has unconnected port S_AXI_ARID[3]
WARNING: [Synth 8-3331] design axi_crossbar_v2_1_21_crossbar_sasd has unconnected port S_AXI_ARID[2]
WARNING: [Synth 8-3331] design axi_crossbar_v2_1_21_crossbar_sasd has unconnected port S_AXI_ARID[1]
WARNING: [Synth 8-3331] design axi_crossbar_v2_1_21_crossbar_sasd has unconnected port S_AXI_ARID[0]
WARNING: [Synth 8-3331] design axi_crossbar_v2_1_21_crossbar_sasd has unconnected port M_AXI_BID[13]
WARNING: [Synth 8-3331] design axi_crossbar_v2_1_21_crossbar_sasd has unconnected port M_AXI_BID[12]
WARNING: [Synth 8-3331] design axi_crossbar_v2_1_21_crossbar_sasd has unconnected port M_AXI_BID[11]
WARNING: [Synth 8-3331] design axi_crossbar_v2_1_21_crossbar_sasd has unconnected port M_AXI_BID[10]
WARNING: [Synth 8-3331] design axi_crossbar_v2_1_21_crossbar_sasd has unconnected port M_AXI_BID[9]
WARNING: [Synth 8-3331] design axi_crossbar_v2_1_21_crossbar_sasd has unconnected port M_AXI_BID[8]
WARNING: [Synth 8-3331] design axi_crossbar_v2_1_21_crossbar_sasd has unconnected port M_AXI_BID[7]
WARNING: [Synth 8-3331] design axi_crossbar_v2_1_21_crossbar_sasd has unconnected port M_AXI_BID[6]
WARNING: [Synth 8-3331] design axi_crossbar_v2_1_21_crossbar_sasd has unconnected port M_AXI_BID[5]
WARNING: [Synth 8-3331] design axi_crossbar_v2_1_21_crossbar_sasd has unconnected port M_AXI_BID[4]
WARNING: [Synth 8-3331] design axi_crossbar_v2_1_21_crossbar_sasd has unconnected port M_AXI_BID[3]
WARNING: [Synth 8-3331] design axi_crossbar_v2_1_21_crossbar_sasd has unconnected port M_AXI_BID[2]
WARNING: [Synth 8-3331] design axi_crossbar_v2_1_21_crossbar_sasd has unconnected port M_AXI_BID[1]
WARNING: [Synth 8-3331] design axi_crossbar_v2_1_21_crossbar_sasd has unconnected port M_AXI_BID[0]
WARNING: [Synth 8-3331] design axi_crossbar_v2_1_21_crossbar_sasd has unconnected port M_AXI_RID[13]
WARNING: [Synth 8-3331] design axi_crossbar_v2_1_21_crossbar_sasd has unconnected port M_AXI_RID[12]
WARNING: [Synth 8-3331] design axi_crossbar_v2_1_21_crossbar_sasd has unconnected port M_AXI_RID[11]
WARNING: [Synth 8-3331] design axi_crossbar_v2_1_21_crossbar_sasd has unconnected port M_AXI_RID[10]
WARNING: [Synth 8-3331] design axi_crossbar_v2_1_21_crossbar_sasd has unconnected port M_AXI_RID[9]
WARNING: [Synth 8-3331] design axi_crossbar_v2_1_21_crossbar_sasd has unconnected port M_AXI_RID[8]
WARNING: [Synth 8-3331] design axi_crossbar_v2_1_21_crossbar_sasd has unconnected port M_AXI_RID[7]
WARNING: [Synth 8-3331] design axi_crossbar_v2_1_21_crossbar_sasd has unconnected port M_AXI_RID[6]
WARNING: [Synth 8-3331] design axi_crossbar_v2_1_21_crossbar_sasd has unconnected port M_AXI_RID[5]
WARNING: [Synth 8-3331] design axi_crossbar_v2_1_21_crossbar_sasd has unconnected port M_AXI_RID[4]
WARNING: [Synth 8-3331] design axi_crossbar_v2_1_21_crossbar_sasd has unconnected port M_AXI_RID[3]
WARNING: [Synth 8-3331] design axi_crossbar_v2_1_21_crossbar_sasd has unconnected port M_AXI_RID[2]
WARNING: [Synth 8-3331] design axi_crossbar_v2_1_21_crossbar_sasd has unconnected port M_AXI_RID[1]
WARNING: [Synth 8-3331] design axi_crossbar_v2_1_21_crossbar_sasd has unconnected port M_AXI_RID[0]
WARNING: [Synth 8-3331] design axi_crossbar_v2_1_21_axi_crossbar has unconnected port s_axi_awid[5]
WARNING: [Synth 8-3331] design axi_crossbar_v2_1_21_axi_crossbar has unconnected port s_axi_awid[4]
WARNING: [Synth 8-3331] design axi_crossbar_v2_1_21_axi_crossbar has unconnected port s_axi_awid[3]
WARNING: [Synth 8-3331] design axi_crossbar_v2_1_21_axi_crossbar has unconnected port s_axi_awid[2]
WARNING: [Synth 8-3331] design axi_crossbar_v2_1_21_axi_crossbar has unconnected port s_axi_awid[1]
WARNING: [Synth 8-3331] design axi_crossbar_v2_1_21_axi_crossbar has unconnected port s_axi_awid[0]
WARNING: [Synth 8-3331] design axi_crossbar_v2_1_21_axi_crossbar has unconnected port s_axi_awaddr[119]
WARNING: [Synth 8-3331] design axi_crossbar_v2_1_21_axi_crossbar has unconnected port s_axi_awaddr[118]
WARNING: [Synth 8-3331] design axi_crossbar_v2_1_21_axi_crossbar has unconnected port s_axi_awaddr[117]
WARNING: [Synth 8-3331] design axi_crossbar_v2_1_21_axi_crossbar has unconnected port s_axi_awaddr[116]
WARNING: [Synth 8-3331] design axi_crossbar_v2_1_21_axi_crossbar has unconnected port s_axi_awaddr[115]
WARNING: [Synth 8-3331] design axi_crossbar_v2_1_21_axi_crossbar has unconnected port s_axi_awaddr[114]
WARNING: [Synth 8-3331] design axi_crossbar_v2_1_21_axi_crossbar has unconnected port s_axi_awaddr[113]
WARNING: [Synth 8-3331] design axi_crossbar_v2_1_21_axi_crossbar has unconnected port s_axi_awaddr[112]
WARNING: [Synth 8-3331] design axi_crossbar_v2_1_21_axi_crossbar has unconnected port s_axi_awaddr[111]
WARNING: [Synth 8-3331] design axi_crossbar_v2_1_21_axi_crossbar has unconnected port s_axi_awaddr[110]
WARNING: [Synth 8-3331] design axi_crossbar_v2_1_21_axi_crossbar has unconnected port s_axi_awaddr[109]
WARNING: [Synth 8-3331] design axi_crossbar_v2_1_21_axi_crossbar has unconnected port s_axi_awaddr[108]
WARNING: [Synth 8-3331] design axi_crossbar_v2_1_21_axi_crossbar has unconnected port s_axi_awaddr[107]
WARNING: [Synth 8-3331] design axi_crossbar_v2_1_21_axi_crossbar has unconnected port s_axi_awaddr[106]
WARNING: [Synth 8-3331] design axi_crossbar_v2_1_21_axi_crossbar has unconnected port s_axi_awaddr[105]
WARNING: [Synth 8-3331] design axi_crossbar_v2_1_21_axi_crossbar has unconnected port s_axi_awaddr[104]
WARNING: [Synth 8-3331] design axi_crossbar_v2_1_21_axi_crossbar has unconnected port s_axi_awaddr[103]
WARNING: [Synth 8-3331] design axi_crossbar_v2_1_21_axi_crossbar has unconnected port s_axi_awaddr[102]
WARNING: [Synth 8-3331] design axi_crossbar_v2_1_21_axi_crossbar has unconnected port s_axi_awaddr[101]
WARNING: [Synth 8-3331] design axi_crossbar_v2_1_21_axi_crossbar has unconnected port s_axi_awaddr[100]
WARNING: [Synth 8-3331] design axi_crossbar_v2_1_21_axi_crossbar has unconnected port s_axi_awaddr[99]
WARNING: [Synth 8-3331] design axi_crossbar_v2_1_21_axi_crossbar has unconnected port s_axi_awaddr[98]
WARNING: [Synth 8-3331] design axi_crossbar_v2_1_21_axi_crossbar has unconnected port s_axi_awaddr[97]
WARNING: [Synth 8-3331] design axi_crossbar_v2_1_21_axi_crossbar has unconnected port s_axi_awaddr[96]
WARNING: [Synth 8-3331] design axi_crossbar_v2_1_21_axi_crossbar has unconnected port s_axi_awaddr[95]
WARNING: [Synth 8-3331] design axi_crossbar_v2_1_21_axi_crossbar has unconnected port s_axi_awaddr[94]
WARNING: [Synth 8-3331] design axi_crossbar_v2_1_21_axi_crossbar has unconnected port s_axi_awaddr[93]
WARNING: [Synth 8-3331] design axi_crossbar_v2_1_21_axi_crossbar has unconnected port s_axi_awaddr[92]
WARNING: [Synth 8-3331] design axi_crossbar_v2_1_21_axi_crossbar has unconnected port s_axi_awaddr[91]
WARNING: [Synth 8-3331] design axi_crossbar_v2_1_21_axi_crossbar has unconnected port s_axi_awaddr[90]
WARNING: [Synth 8-3331] design axi_crossbar_v2_1_21_axi_crossbar has unconnected port s_axi_awaddr[89]
WARNING: [Synth 8-3331] design axi_crossbar_v2_1_21_axi_crossbar has unconnected port s_axi_awaddr[88]
WARNING: [Synth 8-3331] design axi_crossbar_v2_1_21_axi_crossbar has unconnected port s_axi_awaddr[87]
WARNING: [Synth 8-3331] design axi_crossbar_v2_1_21_axi_crossbar has unconnected port s_axi_awaddr[86]
WARNING: [Synth 8-3331] design axi_crossbar_v2_1_21_axi_crossbar has unconnected port s_axi_awaddr[85]
WARNING: [Synth 8-3331] design axi_crossbar_v2_1_21_axi_crossbar has unconnected port s_axi_awaddr[84]
WARNING: [Synth 8-3331] design axi_crossbar_v2_1_21_axi_crossbar has unconnected port s_axi_awaddr[83]
WARNING: [Synth 8-3331] design axi_crossbar_v2_1_21_axi_crossbar has unconnected port s_axi_awaddr[82]
WARNING: [Synth 8-3331] design axi_crossbar_v2_1_21_axi_crossbar has unconnected port s_axi_awaddr[81]
WARNING: [Synth 8-3331] design axi_crossbar_v2_1_21_axi_crossbar has unconnected port s_axi_awaddr[80]
WARNING: [Synth 8-3331] design axi_crossbar_v2_1_21_axi_crossbar has unconnected port s_axi_awlen[23]
WARNING: [Synth 8-3331] design axi_crossbar_v2_1_21_axi_crossbar has unconnected port s_axi_awlen[22]
WARNING: [Synth 8-3331] design axi_crossbar_v2_1_21_axi_crossbar has unconnected port s_axi_awlen[21]
WARNING: [Synth 8-3331] design axi_crossbar_v2_1_21_axi_crossbar has unconnected port s_axi_awlen[20]
WARNING: [Synth 8-3331] design axi_crossbar_v2_1_21_axi_crossbar has unconnected port s_axi_awlen[19]
WARNING: [Synth 8-3331] design axi_crossbar_v2_1_21_axi_crossbar has unconnected port s_axi_awlen[18]
INFO: [Common 17-14] Message 'Synth 8-3331' appears 100 times and further instances of the messages will be disabled. Use the Tcl command set_msg_config to change the current settings.
---------------------------------------------------------------------------------
Finished RTL Elaboration : Time (s): cpu = 00:00:11 ; elapsed = 00:00:11 . Memory (MB): peak = 1630.941 ; gain = 237.102
---------------------------------------------------------------------------------

Report Check Netlist: 
+------+------------------+-------+---------+-------+------------------+
|      |Item              |Errors |Warnings |Status |Description       |
+------+------------------+-------+---------+-------+------------------+
|1     |multi_driven_nets |      0|        0|Passed |Multi driven nets |
+------+------------------+-------+---------+-------+------------------+
---------------------------------------------------------------------------------
Start Handling Custom Attributes
---------------------------------------------------------------------------------
---------------------------------------------------------------------------------
Finished Handling Custom Attributes : Time (s): cpu = 00:00:11 ; elapsed = 00:00:12 . Memory (MB): peak = 1630.941 ; gain = 237.102
---------------------------------------------------------------------------------
---------------------------------------------------------------------------------
Finished RTL Optimization Phase 1 : Time (s): cpu = 00:00:11 ; elapsed = 00:00:12 . Memory (MB): peak = 1630.941 ; gain = 237.102
---------------------------------------------------------------------------------
Netlist sorting complete. Time (s): cpu = 00:00:00 ; elapsed = 00:00:00.086 . Memory (MB): peak = 1630.941 ; gain = 0.000
INFO: [Project 1-570] Preparing netlist for logic optimization

Processing XDC Constraints
Initializing timing engine
Parsing XDC File [c:/TE0820/vivado/TE0820.srcs/sources_1/bd/zusys/ip/zusys_xbar_0/zusys_xbar_0_ooc.xdc] for cell 'inst'
Finished Parsing XDC File [c:/TE0820/vivado/TE0820.srcs/sources_1/bd/zusys/ip/zusys_xbar_0/zusys_xbar_0_ooc.xdc] for cell 'inst'
Parsing XDC File [C:/TE0820/vivado/TE0820.runs/zusys_xbar_0_synth_1/dont_touch.xdc]
Finished Parsing XDC File [C:/TE0820/vivado/TE0820.runs/zusys_xbar_0_synth_1/dont_touch.xdc]
Completed Processing XDC Constraints

Netlist sorting complete. Time (s): cpu = 00:00:00 ; elapsed = 00:00:00 . Memory (MB): peak = 1728.340 ; gain = 0.000
INFO: [Project 1-111] Unisim Transformation Summary:
No Unisim elements were transformed.

Constraint Validation Runtime : Time (s): cpu = 00:00:01 ; elapsed = 00:00:00.594 . Memory (MB): peak = 1728.340 ; gain = 0.000
---------------------------------------------------------------------------------
Finished Constraint Validation : Time (s): cpu = 00:00:21 ; elapsed = 00:00:22 . Memory (MB): peak = 1728.340 ; gain = 334.500
---------------------------------------------------------------------------------
---------------------------------------------------------------------------------
Start Loading Part and Timing Information
---------------------------------------------------------------------------------
Loading part: xczu2cg-sfvc784-1-i
INFO: [Synth 8-6742] Reading net delay rules and data
---------------------------------------------------------------------------------
Finished Loading Part and Timing Information : Time (s): cpu = 00:00:21 ; elapsed = 00:00:22 . Memory (MB): peak = 1728.340 ; gain = 334.500
---------------------------------------------------------------------------------
---------------------------------------------------------------------------------
Start Applying 'set_property' XDC Constraints
---------------------------------------------------------------------------------
Applied set_property DONT_TOUCH = true for inst. (constraint file  C:/TE0820/vivado/TE0820.runs/zusys_xbar_0_synth_1/dont_touch.xdc, line 9).
---------------------------------------------------------------------------------
Finished applying 'set_property' XDC Constraints : Time (s): cpu = 00:00:21 ; elapsed = 00:00:22 . Memory (MB): peak = 1728.340 ; gain = 334.500
---------------------------------------------------------------------------------
INFO: [Synth 8-4471] merging register 'gen_axi.s_axi_rvalid_i_reg' into 'gen_axi.read_cs_reg[0:0]' [c:/TE0820/vivado/TE0820.srcs/sources_1/bd/zusys/ipshared/6b0d/hdl/axi_crossbar_v2_1_vl_rfs.v:3669]
INFO: [Synth 8-802] inferred FSM for state register 'gen_axi.write_cs_reg' in module 'axi_crossbar_v2_1_21_decerr_slave'
---------------------------------------------------------------------------------------------------
                   State |                     New Encoding |                Previous Encoding 
---------------------------------------------------------------------------------------------------
            P_WRITE_IDLE |                              001 |                               00
            P_WRITE_DATA |                              010 |                               01
            P_WRITE_RESP |                              100 |                               10
---------------------------------------------------------------------------------------------------
INFO: [Synth 8-3354] encoded FSM with state register 'gen_axi.write_cs_reg' using encoding 'one-hot' in module 'axi_crossbar_v2_1_21_decerr_slave'
---------------------------------------------------------------------------------
Finished RTL Optimization Phase 2 : Time (s): cpu = 00:00:22 ; elapsed = 00:00:23 . Memory (MB): peak = 1728.340 ; gain = 334.500
---------------------------------------------------------------------------------

Report RTL Partitions: 
+-+--------------+------------+----------+
| |RTL Partition |Replication |Instances |
+-+--------------+------------+----------+
+-+--------------+------------+----------+
---------------------------------------------------------------------------------
Start RTL Component Statistics 
---------------------------------------------------------------------------------
Detailed RTL Component Info : 
+---Adders : 
	   2 Input      8 Bit       Adders := 1     
+---Registers : 
	              132 Bit    Registers := 2     
	               73 Bit    Registers := 1     
	                8 Bit    Registers := 2     
	                3 Bit    Registers := 7     
	                2 Bit    Registers := 3     
	                1 Bit    Registers := 14    
+---Muxes : 
	   2 Input    132 Bit        Muxes := 2     
	   2 Input     73 Bit        Muxes := 3     
	   2 Input      8 Bit        Muxes := 2     
	   2 Input      7 Bit        Muxes := 1     
	   2 Input      1 Bit        Muxes := 89    
	   3 Input      1 Bit        Muxes := 9     
---------------------------------------------------------------------------------
Finished RTL Component Statistics 
---------------------------------------------------------------------------------
---------------------------------------------------------------------------------
Start RTL Hierarchical Component Statistics 
---------------------------------------------------------------------------------
Hierarchical RTL Component report 
Module axi_crossbar_v2_1_21_addr_decoder 
Detailed RTL Component Info : 
+---Muxes : 
	   2 Input      7 Bit        Muxes := 1     
Module generic_baseblocks_v2_1_0_mux_enc 
Detailed RTL Component Info : 
+---Muxes : 
	   2 Input      1 Bit        Muxes := 3     
Module generic_baseblocks_v2_1_0_mux_enc__parameterized0 
Detailed RTL Component Info : 
+---Muxes : 
	   2 Input      1 Bit        Muxes := 3     
Module axi_crossbar_v2_1_21_decerr_slave 
Detailed RTL Component Info : 
+---Adders : 
	   2 Input      8 Bit       Adders := 1     
+---Registers : 
	                8 Bit    Registers := 1     
	                1 Bit    Registers := 8     
+---Muxes : 
	   2 Input      8 Bit        Muxes := 1     
	   3 Input      1 Bit        Muxes := 9     
	   2 Input      1 Bit        Muxes := 11    
Module generic_baseblocks_v2_1_0_mux_enc__parameterized1 
Detailed RTL Component Info : 
+---Muxes : 
	   2 Input      1 Bit        Muxes := 3     
Module axi_crossbar_v2_1_21_addr_arbiter_sasd 
Detailed RTL Component Info : 
+---Registers : 
	               73 Bit    Registers := 1     
	                3 Bit    Registers := 5     
	                2 Bit    Registers := 1     
	                1 Bit    Registers := 3     
+---Muxes : 
	   2 Input     73 Bit        Muxes := 3     
	   2 Input      1 Bit        Muxes := 7     
Module axi_crossbar_v2_1_21_splitter 
Detailed RTL Component Info : 
+---Registers : 
	                3 Bit    Registers := 1     
Module axi_crossbar_v2_1_21_splitter__parameterized0 
Detailed RTL Component Info : 
+---Registers : 
	                2 Bit    Registers := 1     
Module generic_baseblocks_v2_1_0_mux_enc__parameterized2 
Detailed RTL Component Info : 
+---Muxes : 
	   2 Input      1 Bit        Muxes := 8     
Module generic_baseblocks_v2_1_0_mux_enc__parameterized3 
Detailed RTL Component Info : 
+---Muxes : 
	   2 Input      1 Bit        Muxes := 8     
Module axi_register_slice_v2_1_20_axic_register_slice 
Detailed RTL Component Info : 
+---Registers : 
	              132 Bit    Registers := 2     
	                2 Bit    Registers := 1     
	                1 Bit    Registers := 2     
+---Muxes : 
	   2 Input    132 Bit        Muxes := 2     
Module generic_baseblocks_v2_1_0_mux_enc__parameterized4 
Detailed RTL Component Info : 
+---Muxes : 
	   2 Input      1 Bit        Muxes := 8     
Module axi_crossbar_v2_1_21_crossbar_sasd 
Detailed RTL Component Info : 
+---Registers : 
	                8 Bit    Registers := 1     
	                3 Bit    Registers := 1     
	                1 Bit    Registers := 1     
+---Muxes : 
	   2 Input      8 Bit        Muxes := 1     
---------------------------------------------------------------------------------
Finished RTL Hierarchical Component Statistics
---------------------------------------------------------------------------------
---------------------------------------------------------------------------------
Start Part Resource Summary
---------------------------------------------------------------------------------
Part Resources:
DSPs: 240 (col length:72)
BRAMs: 300 (col length: RAMB18 72 RAMB36 36)
---------------------------------------------------------------------------------
Finished Part Resource Summary
---------------------------------------------------------------------------------
---------------------------------------------------------------------------------
Start Cross Boundary and Area Optimization
---------------------------------------------------------------------------------
Warning: Parallel synthesis criteria is not met 
INFO: [Synth 8-3333] propagating constant 0 across sequential element (inst/\gen_sasd.crossbar_sasd_0/addr_arbiter_inst/s_awvalid_reg_reg[2] )
INFO: [Synth 8-3886] merging instance 'inst/gen_sasd.crossbar_sasd_0/addr_arbiter_inst/gen_arbiter.last_rr_hot_reg[1]' (FDRE) to 'inst/gen_sasd.crossbar_sasd_0/addr_arbiter_inst/gen_arbiter.m_grant_enc_i_reg[0]'
INFO: [Synth 8-3886] merging instance 'inst/gen_sasd.crossbar_sasd_0/m_atarget_hot_reg[4]' (FDR) to 'inst/gen_sasd.crossbar_sasd_0/m_atarget_hot_reg[5]'
INFO: [Synth 8-3886] merging instance 'inst/gen_sasd.crossbar_sasd_0/m_atarget_hot_reg[5]' (FDR) to 'inst/gen_sasd.crossbar_sasd_0/m_atarget_hot_reg[6]'
INFO: [Synth 8-3333] propagating constant 0 across sequential element (inst/\gen_sasd.crossbar_sasd_0/m_atarget_hot_reg[6] )
---------------------------------------------------------------------------------
Finished Cross Boundary and Area Optimization : Time (s): cpu = 00:00:28 ; elapsed = 00:00:29 . Memory (MB): peak = 1728.340 ; gain = 334.500
---------------------------------------------------------------------------------

Report RTL Partitions: 
+-+--------------+------------+----------+
| |RTL Partition |Replication |Instances |
+-+--------------+------------+----------+
+-+--------------+------------+----------+
---------------------------------------------------------------------------------
Start Applying XDC Timing Constraints
---------------------------------------------------------------------------------
---------------------------------------------------------------------------------
Finished Applying XDC Timing Constraints : Time (s): cpu = 00:00:37 ; elapsed = 00:00:39 . Memory (MB): peak = 2253.301 ; gain = 859.461
---------------------------------------------------------------------------------
---------------------------------------------------------------------------------
Start Timing Optimization
---------------------------------------------------------------------------------
---------------------------------------------------------------------------------
Finished Timing Optimization : Time (s): cpu = 00:00:40 ; elapsed = 00:00:42 . Memory (MB): peak = 2309.359 ; gain = 915.520
---------------------------------------------------------------------------------

Report RTL Partitions: 
+-+--------------+------------+----------+
| |RTL Partition |Replication |Instances |
+-+--------------+------------+----------+
+-+--------------+------------+----------+
---------------------------------------------------------------------------------
Start Technology Mapping
---------------------------------------------------------------------------------
---------------------------------------------------------------------------------
Finished Technology Mapping : Time (s): cpu = 00:00:41 ; elapsed = 00:00:43 . Memory (MB): peak = 2318.383 ; gain = 924.543
---------------------------------------------------------------------------------

Report RTL Partitions: 
+-+--------------+------------+----------+
| |RTL Partition |Replication |Instances |
+-+--------------+------------+----------+
+-+--------------+------------+----------+
---------------------------------------------------------------------------------
Start IO Insertion
---------------------------------------------------------------------------------
---------------------------------------------------------------------------------
Start Flattening Before IO Insertion
---------------------------------------------------------------------------------
---------------------------------------------------------------------------------
Finished Flattening Before IO Insertion
---------------------------------------------------------------------------------
---------------------------------------------------------------------------------
Start Final Netlist Cleanup
---------------------------------------------------------------------------------
---------------------------------------------------------------------------------
Finished Final Netlist Cleanup
---------------------------------------------------------------------------------
---------------------------------------------------------------------------------
Finished IO Insertion : Time (s): cpu = 00:00:45 ; elapsed = 00:00:47 . Memory (MB): peak = 2318.383 ; gain = 924.543
---------------------------------------------------------------------------------
---------------------------------------------------------------------------------
Start Renaming Generated Instances
---------------------------------------------------------------------------------
---------------------------------------------------------------------------------
Finished Renaming Generated Instances : Time (s): cpu = 00:00:45 ; elapsed = 00:00:47 . Memory (MB): peak = 2318.383 ; gain = 924.543
---------------------------------------------------------------------------------

Report RTL Partitions: 
+-+--------------+------------+----------+
| |RTL Partition |Replication |Instances |
+-+--------------+------------+----------+
+-+--------------+------------+----------+

Report Check Netlist: 
+------+------------------+-------+---------+-------+------------------+
|      |Item              |Errors |Warnings |Status |Description       |
+------+------------------+-------+---------+-------+------------------+
|1     |multi_driven_nets |      0|        0|Passed |Multi driven nets |
+------+------------------+-------+---------+-------+------------------+
---------------------------------------------------------------------------------
Start Rebuilding User Hierarchy
---------------------------------------------------------------------------------
---------------------------------------------------------------------------------
Finished Rebuilding User Hierarchy : Time (s): cpu = 00:00:45 ; elapsed = 00:00:47 . Memory (MB): peak = 2318.383 ; gain = 924.543
---------------------------------------------------------------------------------
---------------------------------------------------------------------------------
Start Renaming Generated Ports
---------------------------------------------------------------------------------
---------------------------------------------------------------------------------
Finished Renaming Generated Ports : Time (s): cpu = 00:00:45 ; elapsed = 00:00:47 . Memory (MB): peak = 2318.383 ; gain = 924.543
---------------------------------------------------------------------------------
---------------------------------------------------------------------------------
Start Handling Custom Attributes
---------------------------------------------------------------------------------
---------------------------------------------------------------------------------
Finished Handling Custom Attributes : Time (s): cpu = 00:00:45 ; elapsed = 00:00:47 . Memory (MB): peak = 2318.383 ; gain = 924.543
---------------------------------------------------------------------------------
---------------------------------------------------------------------------------
Start Renaming Generated Nets
---------------------------------------------------------------------------------
---------------------------------------------------------------------------------
Finished Renaming Generated Nets : Time (s): cpu = 00:00:45 ; elapsed = 00:00:47 . Memory (MB): peak = 2318.383 ; gain = 924.543
---------------------------------------------------------------------------------
---------------------------------------------------------------------------------
Start Writing Synthesis Report
---------------------------------------------------------------------------------

Report BlackBoxes: 
+-+--------------+----------+
| |BlackBox name |Instances |
+-+--------------+----------+
+-+--------------+----------+

Report Cell Usage: 
+------+-----+------+
|      |Cell |Count |
+------+-----+------+
|1     |LUT1 |     4|
|2     |LUT2 |    31|
|3     |LUT3 |    19|
|4     |LUT4 |   371|
|5     |LUT5 |   241|
|6     |LUT6 |   305|
|7     |FDRE |   379|
|8     |FDSE |     2|
+------+-----+------+

Report Instance Areas: 
+------+-------------------------------------+-----------------------------------------------+------+
|      |Instance                             |Module                                         |Cells |
+------+-------------------------------------+-----------------------------------------------+------+
|1     |top                                  |                                               |  1352|
|2     |  inst                               |axi_crossbar_v2_1_21_axi_crossbar              |  1352|
|3     |    \gen_sasd.crossbar_sasd_0        |axi_crossbar_v2_1_21_crossbar_sasd             |  1352|
|4     |      addr_arbiter_inst              |axi_crossbar_v2_1_21_addr_arbiter_sasd         |   455|
|5     |      \gen_decerr.decerr_slave_inst  |axi_crossbar_v2_1_21_decerr_slave              |    47|
|6     |      reg_slice_r                    |axi_register_slice_v2_1_20_axic_register_slice |   812|
|7     |      splitter_ar                    |axi_crossbar_v2_1_21_splitter__parameterized0  |     5|
|8     |      splitter_aw                    |axi_crossbar_v2_1_21_splitter                  |    14|
+------+-------------------------------------+-----------------------------------------------+------+
---------------------------------------------------------------------------------
Finished Writing Synthesis Report : Time (s): cpu = 00:00:45 ; elapsed = 00:00:47 . Memory (MB): peak = 2318.383 ; gain = 924.543
---------------------------------------------------------------------------------
Synthesis finished with 0 errors, 0 critical warnings and 312 warnings.
Synthesis Optimization Runtime : Time (s): cpu = 00:00:27 ; elapsed = 00:00:40 . Memory (MB): peak = 2318.383 ; gain = 827.145
Synthesis Optimization Complete : Time (s): cpu = 00:00:45 ; elapsed = 00:00:47 . Memory (MB): peak = 2318.383 ; gain = 924.543
INFO: [Project 1-571] Translating synthesized netlist
Netlist sorting complete. Time (s): cpu = 00:00:00 ; elapsed = 00:00:00.057 . Memory (MB): peak = 2330.160 ; gain = 0.000
INFO: [Project 1-570] Preparing netlist for logic optimization
INFO: [Opt 31-138] Pushed 0 inverter(s) to 0 load pin(s).
Netlist sorting complete. Time (s): cpu = 00:00:00 ; elapsed = 00:00:00.001 . Memory (MB): peak = 2335.359 ; gain = 0.000
INFO: [Project 1-111] Unisim Transformation Summary:
No Unisim elements were transformed.

INFO: [Common 17-83] Releasing license: Synthesis
66 Infos, 104 Warnings, 0 Critical Warnings and 0 Errors encountered.
synth_design completed successfully
synth_design: Time (s): cpu = 00:00:54 ; elapsed = 00:00:58 . Memory (MB): peak = 2335.359 ; gain = 1844.273
Netlist sorting complete. Time (s): cpu = 00:00:00 ; elapsed = 00:00:00.001 . Memory (MB): peak = 2335.359 ; gain = 0.000
WARNING: [Constraints 18-5210] No constraints selected for write.
Resolution: This message can indicate that there are no constraints for the design, or it can indicate that the used_in flags are set such that the constraints are ignored. This later case is used when running synth_design to not write synthesis constraints to the resulting checkpoint. Instead, project constraints are read when the synthesized design is opened.
INFO: [Common 17-1381] The checkpoint 'C:/TE0820/vivado/TE0820.runs/zusys_xbar_0_synth_1/zusys_xbar_0.dcp' has been generated.
WARNING: [Common 17-576] 'use_project_ipc' is deprecated. This option is deprecated and no longer used.
INFO: [Coretcl 2-1648] Added synthesis output to IP cache for IP zusys_xbar_0, cache-ID = ddf0f7f1ec4b82b4
INFO: [Coretcl 2-1174] Renamed 7 cell refs.
Netlist sorting complete. Time (s): cpu = 00:00:00 ; elapsed = 00:00:00 . Memory (MB): peak = 2335.359 ; gain = 0.000
WARNING: [Constraints 18-5210] No constraints selected for write.
Resolution: This message can indicate that there are no constraints for the design, or it can indicate that the used_in flags are set such that the constraints are ignored. This later case is used when running synth_design to not write synthesis constraints to the resulting checkpoint. Instead, project constraints are read when the synthesized design is opened.
INFO: [Common 17-1381] The checkpoint 'C:/TE0820/vivado/TE0820.runs/zusys_xbar_0_synth_1/zusys_xbar_0.dcp' has been generated.
INFO: [runtcl-4] Executing : report_utilization -file zusys_xbar_0_utilization_synth.rpt -pb zusys_xbar_0_utilization_synth.pb
INFO: [Common 17-206] Exiting Vivado at Fri Mar  6 18:41:23 2020...
