#-----------------------------------------------------------
# Vivado v2019.2 (64-bit)
# SW Build 2708876 on Wed Nov  6 21:39:14 MST 2019
# IP Build 2700528 on Thu Nov  7 00:09:20 MST 2019
# Start of session at: Sat Aug 29 14:03:57 2020
# Process ID: 23393
# Current directory: /home/vagrant/git/airliner/config/squeaky_weasel/target/hw/TE0820-03-2AI21FA/hw_spec
# Command line: vivado
# Log file: /home/vagrant/git/airliner/config/squeaky_weasel/target/hw/TE0820-03-2AI21FA/hw_spec/vivado.log
# Journal file: /home/vagrant/git/airliner/config/squeaky_weasel/target/hw/TE0820-03-2AI21FA/hw_spec/vivado.jou
#-----------------------------------------------------------
start_gui
open_project /home/vagrant/Downloads/TE0820/TE0820-03-2AI21FA/vivado/TE0820-03-2AI21FA.xpr
Scanning sources...
Finished scanning sources
INFO: [IP_Flow 19-234] Refreshing IP repositories
INFO: [IP_Flow 19-1700] Loaded user IP repository '/home/vagrant/Downloads/TE0820/TE0820-03-2AI21FA/ip_lib'.
INFO: [IP_Flow 19-2313] Loaded Vivado IP repository '/opt/Xilinx/Vivado/2019.2/data/ip'.
open_project: Time (s): cpu = 00:00:15 ; elapsed = 00:00:15 . Memory (MB): peak = 6702.711 ; gain = 178.570 ; free physical = 3079 ; free virtual = 7868
update_compile_order -fileset sources_1
open_bd_design {/home/vagrant/Downloads/TE0820/TE0820-03-2AI21FA/vivado/TE0820-03-2AI21FA.srcs/sources_1/bd/zusys/zusys.bd}
Adding component instance block -- trenz.biz:user:labtools_fmeter:1.0 - labtools_fmeter_0
Adding component instance block -- xilinx.com:ip:util_ds_buf:2.1 - util_ds_buf_0
Adding component instance block -- xilinx.com:ip:vio:3.0 - vio_0
Adding component instance block -- xilinx.com:ip:xlconcat:2.1 - xlconcat_0
Adding component instance block -- xilinx.com:ip:zynq_ultra_ps_e:3.3 - zynq_ultra_ps_e_0
Successfully read diagram <zusys> from BD file </home/vagrant/Downloads/TE0820/TE0820-03-2AI21FA/vivado/TE0820-03-2AI21FA.srcs/sources_1/bd/zusys/zusys.bd>
open_bd_design: Time (s): cpu = 00:00:10 ; elapsed = 00:00:09 . Memory (MB): peak = 6850.781 ; gain = 81.582 ; free physical = 2953 ; free virtual = 7742
exit
INFO: [Common 17-206] Exiting Vivado at Sat Aug 29 14:35:55 2020...
